The system is: Windows - 10.0.22621 - AMD64
Compiling the CXX compiler identification source file "CMakeCXXCompilerId.cpp" succeeded.
Compiler: C:/Program Files/JetBrains/CLion 2021.3/bin/mingw/bin/g++.exe 
Build flags: 
Id flags:  

The output was:
0


Compilation of the CXX compiler identification source "CMakeCXXCompilerId.cpp" produced "a.exe"

The CXX compiler identification is GNU, found in "C:/Users/Cameron McEleney/CLionProjects/SpinChainsCUDA/cmake-build-debug/CMakeFiles/3.25.2/CompilerIdCXX/a.exe"

Checking whether the CUDA compiler is NVIDIA using "" matched "nvcc: NVIDIA \(R\) Cuda compiler driver":
nvcc: NVIDIA (R) Cuda compiler driver
Copyright (c) 2005-2023 NVIDIA Corporation
Built on Mon_Apr__3_17:36:15_Pacific_Daylight_Time_2023
Cuda compilation tools, release 12.1, V12.1.105
Build cuda_12.1.r12.1/compiler.32688072_0
Compiling the CUDA compiler identification source file "CMakeCUDACompilerId.cu" succeeded.
Compiler: C:/Program Files/NVIDIA GPU Computing Toolkit/CUDA/v12.1/bin/nvcc.exe 
Build flags: 
Id flags: --keep;--keep-dir;tmp -v

The output was:
0

C:\Users\Cameron McEleney\CLionProjects\SpinChainsCUDA\cmake-build-debug\CMakeFiles\3.25.2\CompilerIdCUDA>call "C:/Program Files/Microsoft Visual Studio/2022/Community/VC/Tools/MSVC/14.36.32532/bin/Hostx64/x64/../../../../../../../VC/Auxiliary/Build/vcvars64.bat" 
**********************************************************************
** Visual Studio 2022 Developer Command Prompt v17.6.2
** Copyright (c) 2022 Microsoft Corporation
**********************************************************************
[vcvarsall.bat] Environment initialized for: 'x64'
#$ C:/Program Files/Microsoft Visual Studio/2022/Community/VC/Tools/MSVC/14.36.32532/bin/Hostx64/x64/../../../../../../../VC/Auxiliary/Build/vcvars64.bat
#$ ALLUSERSPROFILE=C:\ProgramData
#$ APPDATA=C:\Users\Cameron McEleney\AppData\Roaming
#$ CLion=C:\Program Files\JetBrains\CLion 2021.3\bin;
#$ CLION_IDE=TRUE
#$ CMAKE_COLOR_DIAGNOSTICS=ON
#$ CommandPromptType=Native
#$ CommonProgramFiles=C:\Program Files\Common Files
#$ CommonProgramFiles(x86)=C:\Program Files (x86)\Common Files
#$ CommonProgramW6432=C:\Program Files\Common Files
#$ COMPUTERNAME=2235645-UOFG
#$ ComSpec=C:\WINDOWS\system32\cmd.exe
#$ DevEnvDir=C:\Program Files\Microsoft Visual Studio\2022\Community\Common7\IDE\
#$ DriverData=C:\Windows\System32\Drivers\DriverData
#$ EFC_8444=1
#$ ExtensionSdkDir=C:\Program Files (x86)\Microsoft SDKs\Windows Kits\10\ExtensionSDKs
#$ EXTERNAL_INCLUDE=C:\Program Files\Microsoft Visual Studio\2022\Community\VC\Tools\MSVC\14.36.32532\include;C:\Program Files\Microsoft Visual Studio\2022\Community\VC\Tools\MSVC\14.36.32532\ATLMFC\include;C:\Program Files\Microsoft Visual Studio\2022\Community\VC\Auxiliary\VS\include;C:\Program Files (x86)\Windows Kits\10\include\10.0.22000.0\ucrt;C:\Program Files (x86)\Windows Kits\10\\include\10.0.22000.0\\um;C:\Program Files (x86)\Windows Kits\10\\include\10.0.22000.0\\shared;C:\Program Files (x86)\Windows Kits\10\\include\10.0.22000.0\\winrt;C:\Program Files (x86)\Windows Kits\10\\include\10.0.22000.0\\cppwinrt;C:\Program Files (x86)\Windows Kits\NETFXSDK\4.8\include\um
#$ Framework40Version=v4.0
#$ FrameworkDir=C:\Windows\Microsoft.NET\Framework64\
#$ FrameworkDir64=C:\Windows\Microsoft.NET\Framework64\
#$ FrameworkVersion=v4.0.30319
#$ FrameworkVersion64=v4.0.30319
#$ FSHARPINSTALLDIR=C:\Program Files\Microsoft Visual Studio\2022\Community\Common7\IDE\CommonExtensions\Microsoft\FSharp\Tools
#$ HOMEDRIVE=C:
#$ HOMEPATH=\Users\Cameron McEleney
#$ IDEA_INITIAL_DIRECTORY=C:\Program Files\JetBrains\CLion 2021.3\bin
#$ IFCPATH=C:\Program Files\Microsoft Visual Studio\2022\Community\VC\Tools\MSVC\14.36.32532\ifc\x64
#$ INCLUDE=C:\Program Files\Microsoft Visual Studio\2022\Community\VC\Tools\MSVC\14.36.32532\include;C:\Program Files\Microsoft Visual Studio\2022\Community\VC\Tools\MSVC\14.36.32532\ATLMFC\include;C:\Program Files\Microsoft Visual Studio\2022\Community\VC\Auxiliary\VS\include;C:\Program Files (x86)\Windows Kits\10\include\10.0.22000.0\ucrt;C:\Program Files (x86)\Windows Kits\10\\include\10.0.22000.0\\um;C:\Program Files (x86)\Windows Kits\10\\include\10.0.22000.0\\shared;C:\Program Files (x86)\Windows Kits\10\\include\10.0.22000.0\\winrt;C:\Program Files (x86)\Windows Kits\10\\include\10.0.22000.0\\cppwinrt;C:\Program Files (x86)\Windows Kits\NETFXSDK\4.8\include\um
#$ is_x64_arch=true
#$ JETBRAINS_IDE=TRUE
#$ LIB=C:\Program Files\Microsoft Visual Studio\2022\Community\VC\Tools\MSVC\14.36.32532\ATLMFC\lib\x64;C:\Program Files\Microsoft Visual Studio\2022\Community\VC\Tools\MSVC\14.36.32532\lib\x64;C:\Program Files (x86)\Windows Kits\NETFXSDK\4.8\lib\um\x64;C:\Program Files (x86)\Windows Kits\10\lib\10.0.22000.0\ucrt\x64;C:\Program Files (x86)\Windows Kits\10\\lib\10.0.22000.0\\um\x64
#$ LIBPATH=C:\Program Files\Microsoft Visual Studio\2022\Community\VC\Tools\MSVC\14.36.32532\ATLMFC\lib\x64;C:\Program Files\Microsoft Visual Studio\2022\Community\VC\Tools\MSVC\14.36.32532\lib\x64;C:\Program Files\Microsoft Visual Studio\2022\Community\VC\Tools\MSVC\14.36.32532\lib\x86\store\references;C:\Program Files (x86)\Windows Kits\10\UnionMetadata\10.0.22000.0;C:\Program Files (x86)\Windows Kits\10\References\10.0.22000.0;C:\Windows\Microsoft.NET\Framework64\v4.0.30319
#$ LOCALAPPDATA=C:\Users\Cameron McEleney\AppData\Local
#$ LOGONSERVER=\\2235645-UOFG
#$ NETFXSDKDir=C:\Program Files (x86)\Windows Kits\NETFXSDK\4.8\
#$ NUMBER_OF_PROCESSORS=16
#$ OneDrive=C:\Users\Cameron McEleney\OneDrive - Queen's University Belfast
#$ OneDriveCommercial=C:\Users\Cameron McEleney\OneDrive - Queen's University Belfast
#$ OS=Windows_NT
#$ Path=C:\Program Files\Microsoft Visual Studio\2022\Community\VC\Tools\MSVC\14.36.32532\bin\HostX64\x64;C:\Program Files\Microsoft Visual Studio\2022\Community\Common7\IDE\VC\VCPackages;C:\Program Files\Microsoft Visual Studio\2022\Community\Common7\IDE\CommonExtensions\Microsoft\TestWindow;C:\Program Files\Microsoft Visual Studio\2022\Community\Common7\IDE\CommonExtensions\Microsoft\TeamFoundation\Team Explorer;C:\Program Files\Microsoft Visual Studio\2022\Community\MSBuild\Current\bin\Roslyn;C:\Program Files\Microsoft Visual Studio\2022\Community\Team Tools\Performance Tools\x64;C:\Program Files\Microsoft Visual Studio\2022\Community\Team Tools\Performance Tools;C:\Program Files (x86)\Microsoft SDKs\Windows\v10.0A\bin\NETFX 4.8 Tools\x64\;C:\Program Files\Microsoft Visual Studio\2022\Community\Common7\IDE\CommonExtensions\Microsoft\FSharp\Tools;C:\Program Files (x86)\Windows Kits\10\bin\10.0.22000.0\\x64;C:\Program Files (x86)\Windows Kits\10\bin\\x64;C:\Program Files\Microsoft Visual Studio\2022\Community\\MSBuild\Current\Bin\amd64;C:\Windows\Microsoft.NET\Framework64\v4.0.30319;C:\Program Files\Microsoft Visual Studio\2022\Community\Common7\IDE\;C:\Program Files\Microsoft Visual Studio\2022\Community\Common7\Tools\;C:\Program Files\JetBrains\CLion 2021.3\bin\mingw\bin;C:\Program Files\NVIDIA GPU Computing Toolkit\CUDA\v12.1\bin;C:\Windows\system32;C:\Windows;C:\Windows\System32\Wbem;C:\Windows\System32\WindowsPowerShell\v1.0\;C:\Windows\System32\OpenSSH\;C:\Program Files (x86)\NVIDIA Corporation\PhysX\Common;C:\Program Files\NVIDIA Corporation\NVIDIA NvDLISR;C:\Program Files\Git\cmd;C:\Program Files\dotnet\;C:\Program Files\Inkscape\bin;C:\WINDOWS\system32;C:\WINDOWS;C:\WINDOWS\System32\Wbem;C:\WINDOWS\System32\WindowsPowerShell\v1.0\;C:\WINDOWS\System32\OpenSSH\;C:\Program Files\Nookkin\MultiscreenBlank2;C:\Program Files\gs\gs10.01.1\bin;C:\Program Files\PowerShell\7\;C:\Program Files\NVIDIA Corporation\Nsight Compute 2023.1.1\;C:\Program Files\Microsoft Visual Studio\2022\Community\VC\Tools\MSVC\14.36.32532\bin\Hostx64\x64;C:\Users\Cameron McEleney\AppData\Local\Programs\Python\Launcher\;C:\Windows\system32;C:\Windows;C:\Windows\System32\Wbem;C:\Windows\System32\WindowsPowerShell\v1.0\;C:\Windows\System32\OpenSSH\;C:\Program Files (x86)\NVIDIA Corporation\PhysX\Common;C:\Program Files\NVIDIA Corporation\NVIDIA NvDLISR;C:\Program Files\Git\cmd;C:\Program Files\dotnet\;C:\Program Files\Inkscape\bin;C:\WINDOWS\system32;C:\WINDOWS;C:\WINDOWS\System32\Wbem;C:\WINDOWS\System32\WindowsPowerShell\v1.0\;C:\WINDOWS\System32\OpenSSH\;C:\Program Files\PowerShell\7\;C:\Users\Cameron McEleney\AppData\Local\Microsoft\WindowsApps;C:\Program Files\JetBrains\CLion 2021.3\bin;C:\Users\Cameron McEleney\AppData\Local\GitHubDesktop\bin;C:\Program Files\JetBrains\PyCharm 2022.2\bin;C:\Python34\Scripts;C:\Users\Cameron McEleney\AppData\Local\Programs\Python\Python39\Scripts;C:\Users\Cameron McEleney\AppData\Local\Programs\MiKTeX\miktex\bin\x64\;C:\Program Files\JetBrains\PyCharm 2022.3.2\bin;;C:\Program Files\Microsoft Visual Studio\2022\Community\VC\Tools\MSVC\14.36.32532\bin\Hostx64\x64;;C:\Program Files\JetBrains\CLion 2021.3\bin\ninja\win\x64;C:\Program Files\Microsoft Visual Studio\2022\Community\VC\Tools\Llvm\x64\bin;C:\Program Files\Microsoft Visual Studio\2022\Community\Common7\IDE\CommonExtensions\Microsoft\CMake\CMake\bin;C:\Program Files\Microsoft Visual Studio\2022\Community\Common7\IDE\CommonExtensions\Microsoft\CMake\Ninja;C:\Program Files\Microsoft Visual Studio\2022\Community\Common7\IDE\VC\Linux\bin\ConnectionManagerExe;C:\Program Files\Microsoft Visual Studio\2022\Community\VC\vcpkg
#$ PATHEXT=.COM;.EXE;.BAT;.CMD;.VBS;.VBE;.JS;.JSE;.WSF;.WSH;.MSC
#$ Platform=x64
#$ POWERSHELL_DISTRIBUTION_CHANNEL=MSI:Windows 10 Pro
#$ PROCESSOR_ARCHITECTURE=AMD64
#$ PROCESSOR_IDENTIFIER=Intel64 Family 6 Model 167 Stepping 1, GenuineIntel
#$ PROCESSOR_LEVEL=6
#$ PROCESSOR_REVISION=a701
#$ ProgramData=C:\ProgramData
#$ ProgramFiles=C:\Program Files
#$ ProgramFiles(x86)=C:\Program Files (x86)
#$ ProgramW6432=C:\Program Files
#$ PROMPT=$P$G
#$ PSModulePath=C:\Program Files\WindowsPowerShell\Modules;C:\WINDOWS\system32\WindowsPowerShell\v1.0\Modules
#$ PUBLIC=C:\Users\Public
#$ PyCharm=C:\Program Files\JetBrains\PyCharm 2022.3.2\bin;
#$ SESSIONNAME=Console
#$ SystemDrive=C:
#$ SystemRoot=C:\WINDOWS
#$ UCRTVersion=10.0.22000.0
#$ UniversalCRTSdkDir=C:\Program Files (x86)\Windows Kits\10\
#$ USERDOMAIN=2235645-UofG
#$ USERDOMAIN_ROAMINGPROFILE=2235645-UofG
#$ USERNAME=Cameron McEleney
#$ USERPROFILE=C:\Users\Cameron McEleney
#$ VCIDEInstallDir=C:\Program Files\Microsoft Visual Studio\2022\Community\Common7\IDE\VC\
#$ VCINSTALLDIR=C:\Program Files\Microsoft Visual Studio\2022\Community\VC\
#$ VCPKG_ROOT=C:\Program Files\Microsoft Visual Studio\2022\Community\VC\vcpkg
#$ VCToolsInstallDir=C:\Program Files\Microsoft Visual Studio\2022\Community\VC\Tools\MSVC\14.36.32532\
#$ VCToolsRedistDir=C:\Program Files\Microsoft Visual Studio\2022\Community\VC\Redist\MSVC\14.36.32532\
#$ VCToolsVersion=14.36.32532
#$ VisualStudioVersion=17.0
#$ VS170COMNTOOLS=C:\Program Files\Microsoft Visual Studio\2022\Community\Common7\Tools\
#$ VSCMD_ARG_app_plat=Desktop
#$ VSCMD_ARG_HOST_ARCH=x64
#$ VSCMD_ARG_TGT_ARCH=x64
#$ VSCMD_VER=17.6.2
#$ vsconsoleoutput=1
#$ VSINSTALLDIR=C:\Program Files\Microsoft Visual Studio\2022\Community\
#$ windir=C:\WINDOWS
#$ WindowsLibPath=C:\Program Files (x86)\Windows Kits\10\UnionMetadata\10.0.22000.0;C:\Program Files (x86)\Windows Kits\10\References\10.0.22000.0
#$ WindowsSdkBinPath=C:\Program Files (x86)\Windows Kits\10\bin\
#$ WindowsSdkDir=C:\Program Files (x86)\Windows Kits\10\
#$ WindowsSDKLibVersion=10.0.22000.0\
#$ WindowsSdkVerBinPath=C:\Program Files (x86)\Windows Kits\10\bin\10.0.22000.0\
#$ WindowsSDKVersion=10.0.22000.0\
#$ WindowsSDK_ExecutablePath_x64=C:\Program Files (x86)\Microsoft SDKs\Windows\v10.0A\bin\NETFX 4.8 Tools\x64\
#$ WindowsSDK_ExecutablePath_x86=C:\Program Files (x86)\Microsoft SDKs\Windows\v10.0A\bin\NETFX 4.8 Tools\
#$ __DOTNET_ADD_64BIT=1
#$ __DOTNET_PREFERRED_BITNESS=64
#$ __VSCMD_PREINIT_PATH=C:\Program Files\JetBrains\CLion 2021.3\bin\mingw\bin;C:\Program Files\NVIDIA GPU Computing Toolkit\CUDA\v12.1\bin;C:\Windows\system32;C:\Windows;C:\Windows\System32\Wbem;C:\Windows\System32\WindowsPowerShell\v1.0\;C:\Windows\System32\OpenSSH\;C:\Program Files (x86)\NVIDIA Corporation\PhysX\Common;C:\Program Files\NVIDIA Corporation\NVIDIA NvDLISR;C:\Program Files\Git\cmd;C:\Program Files\dotnet\;C:\Program Files\Inkscape\bin;C:\WINDOWS\system32;C:\WINDOWS;C:\WINDOWS\System32\Wbem;C:\WINDOWS\System32\WindowsPowerShell\v1.0\;C:\WINDOWS\System32\OpenSSH\;C:\Program Files\Nookkin\MultiscreenBlank2;C:\Program Files\gs\gs10.01.1\bin;C:\Program Files\PowerShell\7\;C:\Program Files\NVIDIA Corporation\Nsight Compute 2023.1.1\;C:\Program Files\Microsoft Visual Studio\2022\Community\VC\Tools\MSVC\14.36.32532\bin\Hostx64\x64;C:\Users\Cameron McEleney\AppData\Local\Programs\Python\Launcher\;C:\Windows\system32;C:\Windows;C:\Windows\System32\Wbem;C:\Windows\System32\WindowsPowerShell\v1.0\;C:\Windows\System32\OpenSSH\;C:\Program Files (x86)\NVIDIA Corporation\PhysX\Common;C:\Program Files\NVIDIA Corporation\NVIDIA NvDLISR;C:\Program Files\Git\cmd;C:\Program Files\dotnet\;C:\Program Files\Inkscape\bin;C:\WINDOWS\system32;C:\WINDOWS;C:\WINDOWS\System32\Wbem;C:\WINDOWS\System32\WindowsPowerShell\v1.0\;C:\WINDOWS\System32\OpenSSH\;C:\Program Files\PowerShell\7\;C:\Users\Cameron McEleney\AppData\Local\Microsoft\WindowsApps;C:\Program Files\JetBrains\CLion 2021.3\bin;C:\Users\Cameron McEleney\AppData\Local\GitHubDesktop\bin;C:\Program Files\JetBrains\PyCharm 2022.2\bin;C:\Python34\Scripts;C:\Users\Cameron McEleney\AppData\Local\Programs\Python\Python39\Scripts;C:\Users\Cameron McEleney\AppData\Local\Programs\MiKTeX\miktex\bin\x64\;C:\Program Files\JetBrains\PyCharm 2022.3.2\bin;;C:\Program Files\Microsoft Visual Studio\2022\Community\VC\Tools\MSVC\14.36.32532\bin\Hostx64\x64;;C:\Program Files\JetBrains\CLion 2021.3\bin\ninja\win\x64
#$ PATH=C:\Program Files\Microsoft Visual Studio\2022\Community\VC\Tools\MSVC\14.36.32532\bin\Hostx64\x64;C:\Program Files\Microsoft Visual Studio\2022\Community\VC\Tools\MSVC\14.36.32532\bin\HostX64\x64;C:\Program Files\Microsoft Visual Studio\2022\Community\Common7\IDE\VC\VCPackages;C:\Program Files\Microsoft Visual Studio\2022\Community\Common7\IDE\CommonExtensions\Microsoft\TestWindow;C:\Program Files\Microsoft Visual Studio\2022\Community\Common7\IDE\CommonExtensions\Microsoft\TeamFoundation\Team Explorer;C:\Program Files\Microsoft Visual Studio\2022\Community\MSBuild\Current\bin\Roslyn;C:\Program Files\Microsoft Visual Studio\2022\Community\Team Tools\Performance Tools\x64;C:\Program Files\Microsoft Visual Studio\2022\Community\Team Tools\Performance Tools;C:\Program Files (x86)\Microsoft SDKs\Windows\v10.0A\bin\NETFX 4.8 Tools\x64\;C:\Program Files\Microsoft Visual Studio\2022\Community\Common7\IDE\CommonExtensions\Microsoft\FSharp\Tools;C:\Program Files (x86)\Windows Kits\10\bin\10.0.22000.0\\x64;C:\Program Files (x86)\Windows Kits\10\bin\\x64;C:\Program Files\Microsoft Visual Studio\2022\Community\\MSBuild\Current\Bin\amd64;C:\Windows\Microsoft.NET\Framework64\v4.0.30319;C:\Program Files\Microsoft Visual Studio\2022\Community\Common7\IDE\;C:\Program Files\Microsoft Visual Studio\2022\Community\Common7\Tools\;C:\Program Files\JetBrains\CLion 2021.3\bin\mingw\bin;C:\Program Files\NVIDIA GPU Computing Toolkit\CUDA\v12.1\bin;C:\Windows\system32;C:\Windows;C:\Windows\System32\Wbem;C:\Windows\System32\WindowsPowerShell\v1.0\;C:\Windows\System32\OpenSSH\;C:\Program Files (x86)\NVIDIA Corporation\PhysX\Common;C:\Program Files\NVIDIA Corporation\NVIDIA NvDLISR;C:\Program Files\Git\cmd;C:\Program Files\dotnet\;C:\Program Files\Inkscape\bin;C:\WINDOWS\system32;C:\WINDOWS;C:\WINDOWS\System32\Wbem;C:\WINDOWS\System32\WindowsPowerShell\v1.0\;C:\WINDOWS\System32\OpenSSH\;C:\Program Files\Nookkin\MultiscreenBlank2;C:\Program Files\gs\gs10.01.1\bin;C:\Program Files\PowerShell\7\;C:\Program Files\NVIDIA Corporation\Nsight Compute 2023.1.1\;C:\Program Files\Microsoft Visual Studio\2022\Community\VC\Tools\MSVC\14.36.32532\bin\Hostx64\x64;C:\Users\Cameron McEleney\AppData\Local\Programs\Python\Launcher\;C:\Windows\system32;C:\Windows;C:\Windows\System32\Wbem;C:\Windows\System32\WindowsPowerShell\v1.0\;C:\Windows\System32\OpenSSH\;C:\Program Files (x86)\NVIDIA Corporation\PhysX\Common;C:\Program Files\NVIDIA Corporation\NVIDIA NvDLISR;C:\Program Files\Git\cmd;C:\Program Files\dotnet\;C:\Program Files\Inkscape\bin;C:\WINDOWS\system32;C:\WINDOWS;C:\WINDOWS\System32\Wbem;C:\WINDOWS\System32\WindowsPowerShell\v1.0\;C:\WINDOWS\System32\OpenSSH\;C:\Program Files\PowerShell\7\;C:\Users\Cameron McEleney\AppData\Local\Microsoft\WindowsApps;C:\Program Files\JetBrains\CLion 2021.3\bin;C:\Users\Cameron McEleney\AppData\Local\GitHubDesktop\bin;C:\Program Files\JetBrains\PyCharm 2022.2\bin;C:\Python34\Scripts;C:\Users\Cameron McEleney\AppData\Local\Programs\Python\Python39\Scripts;C:\Users\Cameron McEleney\AppData\Local\Programs\MiKTeX\miktex\bin\x64\;C:\Program Files\JetBrains\PyCharm 2022.3.2\bin;;C:\Program Files\Microsoft Visual Studio\2022\Community\VC\Tools\MSVC\14.36.32532\bin\Hostx64\x64;;C:\Program Files\JetBrains\CLion 2021.3\bin\ninja\win\x64;C:\Program Files\Microsoft Visual Studio\2022\Community\VC\Tools\Llvm\x64\bin;C:\Program Files\Microsoft Visual Studio\2022\Community\Common7\IDE\CommonExtensions\Microsoft\CMake\CMake\bin;C:\Program Files\Microsoft Visual Studio\2022\Community\Common7\IDE\CommonExtensions\Microsoft\CMake\Ninja;C:\Program Files\Microsoft Visual Studio\2022\Community\Common7\IDE\VC\Linux\bin\ConnectionManagerExe;C:\Program Files\Microsoft Visual Studio\2022\Community\VC\vcpkg
#$ _NVVM_BRANCH_=nvvm
#$ _SPACE_= 
#$ _CUDART_=cudart
#$ _HERE_=C:/Program Files/NVIDIA GPU Computing Toolkit/CUDA/v12.1/bin
#$ _THERE_=C:/Program Files/NVIDIA GPU Computing Toolkit/CUDA/v12.1/bin
#$ _TARGET_SIZE_=
#$ _TARGET_DIR_=
#$ _TARGET_SIZE_=64
#$ _WIN_PLATFORM_=x64
#$ TOP=C:/Program Files/NVIDIA GPU Computing Toolkit/CUDA/v12.1/bin/..
#$ NVVMIR_LIBRARY_DIR=C:/Program Files/NVIDIA GPU Computing Toolkit/CUDA/v12.1/bin/../nvvm/libdevice
#$ PATH=C:/Program Files/NVIDIA GPU Computing Toolkit/CUDA/v12.1/bin/../nvvm/bin;C:/Program Files/NVIDIA GPU Computing Toolkit/CUDA/v12.1/bin;C:/Program Files/NVIDIA GPU Computing Toolkit/CUDA/v12.1/bin/../lib;C:\Program Files\Microsoft Visual Studio\2022\Community\VC\Tools\MSVC\14.36.32532\bin\Hostx64\x64;C:\Program Files\Microsoft Visual Studio\2022\Community\VC\Tools\MSVC\14.36.32532\bin\HostX64\x64;C:\Program Files\Microsoft Visual Studio\2022\Community\Common7\IDE\VC\VCPackages;C:\Program Files\Microsoft Visual Studio\2022\Community\Common7\IDE\CommonExtensions\Microsoft\TestWindow;C:\Program Files\Microsoft Visual Studio\2022\Community\Common7\IDE\CommonExtensions\Microsoft\TeamFoundation\Team Explorer;C:\Program Files\Microsoft Visual Studio\2022\Community\MSBuild\Current\bin\Roslyn;C:\Program Files\Microsoft Visual Studio\2022\Community\Team Tools\Performance Tools\x64;C:\Program Files\Microsoft Visual Studio\2022\Community\Team Tools\Performance Tools;C:\Program Files (x86)\Microsoft SDKs\Windows\v10.0A\bin\NETFX 4.8 Tools\x64\;C:\Program Files\Microsoft Visual Studio\2022\Community\Common7\IDE\CommonExtensions\Microsoft\FSharp\Tools;C:\Program Files (x86)\Windows Kits\10\bin\10.0.22000.0\\x64;C:\Program Files (x86)\Windows Kits\10\bin\\x64;C:\Program Files\Microsoft Visual Studio\2022\Community\\MSBuild\Current\Bin\amd64;C:\Windows\Microsoft.NET\Framework64\v4.0.30319;C:\Program Files\Microsoft Visual Studio\2022\Community\Common7\IDE\;C:\Program Files\Microsoft Visual Studio\2022\Community\Common7\Tools\;C:\Program Files\JetBrains\CLion 2021.3\bin\mingw\bin;C:\Program Files\NVIDIA GPU Computing Toolkit\CUDA\v12.1\bin;C:\Windows\system32;C:\Windows;C:\Windows\System32\Wbem;C:\Windows\System32\WindowsPowerShell\v1.0\;C:\Windows\System32\OpenSSH\;C:\Program Files (x86)\NVIDIA Corporation\PhysX\Common;C:\Program Files\NVIDIA Corporation\NVIDIA NvDLISR;C:\Program Files\Git\cmd;C:\Program Files\dotnet\;C:\Program Files\Inkscape\bin;C:\WINDOWS\system32;C:\WINDOWS;C:\WINDOWS\System32\Wbem;C:\WINDOWS\System32\WindowsPowerShell\v1.0\;C:\WINDOWS\System32\OpenSSH\;C:\Program Files\Nookkin\MultiscreenBlank2;C:\Program Files\gs\gs10.01.1\bin;C:\Program Files\PowerShell\7\;C:\Program Files\NVIDIA Corporation\Nsight Compute 2023.1.1\;C:\Program Files\Microsoft Visual Studio\2022\Community\VC\Tools\MSVC\14.36.32532\bin\Hostx64\x64;C:\Users\Cameron McEleney\AppData\Local\Programs\Python\Launcher\;C:\Windows\system32;C:\Windows;C:\Windows\System32\Wbem;C:\Windows\System32\WindowsPowerShell\v1.0\;C:\Windows\System32\OpenSSH\;C:\Program Files (x86)\NVIDIA Corporation\PhysX\Common;C:\Program Files\NVIDIA Corporation\NVIDIA NvDLISR;C:\Program Files\Git\cmd;C:\Program Files\dotnet\;C:\Program Files\Inkscape\bin;C:\WINDOWS\system32;C:\WINDOWS;C:\WINDOWS\System32\Wbem;C:\WINDOWS\System32\WindowsPowerShell\v1.0\;C:\WINDOWS\System32\OpenSSH\;C:\Program Files\PowerShell\7\;C:\Users\Cameron McEleney\AppData\Local\Microsoft\WindowsApps;C:\Program Files\JetBrains\CLion 2021.3\bin;C:\Users\Cameron McEleney\AppData\Local\GitHubDesktop\bin;C:\Program Files\JetBrains\PyCharm 2022.2\bin;C:\Python34\Scripts;C:\Users\Cameron McEleney\AppData\Local\Programs\Python\Python39\Scripts;C:\Users\Cameron McEleney\AppData\Local\Programs\MiKTeX\miktex\bin\x64\;C:\Program Files\JetBrains\PyCharm 2022.3.2\bin;;C:\Program Files\Microsoft Visual Studio\2022\Community\VC\Tools\MSVC\14.36.32532\bin\Hostx64\x64;;C:\Program Files\JetBrains\CLion 2021.3\bin\ninja\win\x64;C:\Program Files\Microsoft Visual Studio\2022\Community\VC\Tools\Llvm\x64\bin;C:\Program Files\Microsoft Visual Studio\2022\Community\Common7\IDE\CommonExtensions\Microsoft\CMake\CMake\bin;C:\Program Files\Microsoft Visual Studio\2022\Community\Common7\IDE\CommonExtensions\Microsoft\CMake\Ninja;C:\Program Files\Microsoft Visual Studio\2022\Community\Common7\IDE\VC\Linux\bin\ConnectionManagerExe;C:\Program Files\Microsoft Visual Studio\2022\Community\VC\vcpkg
#$ INCLUDES="-IC:/Program Files/NVIDIA GPU Computing Toolkit/CUDA/v12.1/bin/../include"  
#$ LIBRARIES=  "/LIBPATH:C:/Program Files/NVIDIA GPU Computing Toolkit/CUDA/v12.1/bin/../lib/x64"
#$ CUDAFE_FLAGS=
#$ PTXAS_FLAGS=
#$ erase tmp/a_dlink.reg.c
CMakeCUDACompilerId.cu
#$ resource file tmp/CMakeCUDACompilerId.cpp4.ii.res: [-D__CUDA_ARCH_LIST__=520 -nologo -E -TP -EHsc -D__CUDACC__ -D__NVCC__  "-IC:/Program Files/NVIDIA GPU Computing Toolkit/CUDA/v12.1/bin/../include"    -D__CUDACC_VER_MAJOR__=12 -D__CUDACC_VER_MINOR__=1 -D__CUDACC_VER_BUILD__=105 -D__CUDA_API_VER_MAJOR__=12 -D__CUDA_API_VER_MINOR__=1 -D__NVCC_DIAG_PRAGMA_SUPPORT__=1 -FI "cuda_runtime.h" "CMakeCUDACompilerId.cu" ]
#$ cl.exe @"tmp/CMakeCUDACompilerId.cpp4.ii.res" > "tmp/CMakeCUDACompilerId.cpp4.ii" 
CMakeCUDACompilerId.cu
#$ cudafe++ --microsoft_version=1936 --msvc_target_version=1936 --compiler_bindir "C:/Program Files/Microsoft Visual Studio/2022/Community/VC/Tools/MSVC/14.36.32532/bin/Hostx64/x64/../../../../../../.." --sdk_dir "C:/Program Files (x86)/Windows Kits/10/" --display_error_number --orig_src_file_name "CMakeCUDACompilerId.cu" --orig_src_path_name "C:\Users\Cameron McEleney\CLionProjects\SpinChainsCUDA\cmake-build-debug\CMakeFiles\3.25.2\CompilerIdCUDA\CMakeCUDACompilerId.cu" --allow_managed --m64 --parse_templates --gen_c_file_name "tmp/CMakeCUDACompilerId.cudafe1.cpp" --stub_file_name "CMakeCUDACompilerId.cudafe1.stub.c" --gen_module_id_file --module_id_file_name "tmp/CMakeCUDACompilerId.module_id" "tmp/CMakeCUDACompilerId.cpp4.ii" 
#$ resource file tmp/CMakeCUDACompilerId.cpp1.ii.res: [-D__CUDA_ARCH__=520 -D__CUDA_ARCH_LIST__=520 -nologo -E -TP  -DCUDA_DOUBLE_MATH_FUNCTIONS -EHsc -D__CUDACC__ -D__NVCC__  "-IC:/Program Files/NVIDIA GPU Computing Toolkit/CUDA/v12.1/bin/../include"    -D__CUDACC_VER_MAJOR__=12 -D__CUDACC_VER_MINOR__=1 -D__CUDACC_VER_BUILD__=105 -D__CUDA_API_VER_MAJOR__=12 -D__CUDA_API_VER_MINOR__=1 -D__NVCC_DIAG_PRAGMA_SUPPORT__=1 -FI "cuda_runtime.h" "CMakeCUDACompilerId.cu" ]
#$ cl.exe @"tmp/CMakeCUDACompilerId.cpp1.ii.res" > "tmp/CMakeCUDACompilerId.cpp1.ii" 
CMakeCUDACompilerId.cu
#$ cicc --microsoft_version=1936 --msvc_target_version=1936 --compiler_bindir "C:/Program Files/Microsoft Visual Studio/2022/Community/VC/Tools/MSVC/14.36.32532/bin/Hostx64/x64/../../../../../../.." --sdk_dir "C:/Program Files (x86)/Windows Kits/10/" --display_error_number --orig_src_file_name "CMakeCUDACompilerId.cu" --orig_src_path_name "C:\Users\Cameron McEleney\CLionProjects\SpinChainsCUDA\cmake-build-debug\CMakeFiles\3.25.2\CompilerIdCUDA\CMakeCUDACompilerId.cu" --allow_managed  -arch compute_52 -m64 --no-version-ident -ftz=0 -prec_div=1 -prec_sqrt=1 -fmad=1 --include_file_name "CMakeCUDACompilerId.fatbin.c" -tused --module_id_file_name "tmp/CMakeCUDACompilerId.module_id" --gen_c_file_name "tmp/CMakeCUDACompilerId.cudafe1.c" --stub_file_name "tmp/CMakeCUDACompilerId.cudafe1.stub.c" --gen_device_file_name "tmp/CMakeCUDACompilerId.cudafe1.gpu"  "tmp/CMakeCUDACompilerId.cpp1.ii" -o "tmp/CMakeCUDACompilerId.ptx"
#$ ptxas -arch=sm_52 -m64 "tmp/CMakeCUDACompilerId.ptx"  -o "tmp/CMakeCUDACompilerId.sm_52.cubin" 
#$ fatbinary --create="tmp/CMakeCUDACompilerId.fatbin" -64 --cicc-cmdline="-ftz=0 -prec_div=1 -prec_sqrt=1 -fmad=1 " "--image3=kind=elf,sm=52,file=tmp/CMakeCUDACompilerId.sm_52.cubin" "--image3=kind=ptx,sm=52,file=tmp/CMakeCUDACompilerId.ptx" --embedded-fatbin="tmp/CMakeCUDACompilerId.fatbin.c" 
#$ resource file tmp/CMakeCUDACompilerId.obj.res: [-D__CUDA_ARCH__=520 -D__CUDA_ARCH_LIST__=520 -nologo -c -TP  -DCUDA_DOUBLE_MATH_FUNCTIONS -EHsc "-IC:/Program Files/NVIDIA GPU Computing Toolkit/CUDA/v12.1/bin/../include"   "C:\Users\Cameron McEleney\CLionProjects\SpinChainsCUDA\cmake-build-debug\CMakeFiles\3.25.2\CompilerIdCUDA\tmp\CMakeCUDACompilerId.cudafe1.cpp" ]
#$ cl.exe @"tmp/CMakeCUDACompilerId.obj.res" -Fo"tmp/CMakeCUDACompilerId.obj" 
CMakeCUDACompilerId.cudafe1.cpp
#$ resource file tmp/a_dlink.sm_52.cubin.optf: [-m64 --arch=sm_52 --register-link-binaries="tmp/a_dlink.reg.c"    "/LIBPATH:C:/Program Files/NVIDIA GPU Computing Toolkit/CUDA/v12.1/bin/../lib/x64" -cpu-arch=X86_64 "tmp/CMakeCUDACompilerId.obj"  cudadevrt.lib  -o "tmp/a_dlink.sm_52.cubin"]
#$ nvlink -optf "tmp/a_dlink.sm_52.cubin.optf"
#$ fatbinary --create="tmp/a_dlink.fatbin" -64 --cicc-cmdline="-ftz=0 -prec_div=1 -prec_sqrt=1 -fmad=1 " -link "--image3=kind=elf,sm=52,file=tmp/a_dlink.sm_52.cubin" --embedded-fatbin="tmp/a_dlink.fatbin.c" 
#$ resource file tmp/a_dlink.obj.res: [-D__CUDA_ARCH_LIST__=520 -nologo -c -TP -EHsc -DFATBINFILE="\"tmp/a_dlink.fatbin.c\"" -DREGISTERLINKBINARYFILE="\"tmp/a_dlink.reg.c\"" -I. -D__NV_EXTRA_INITIALIZATION= -D__NV_EXTRA_FINALIZATION= -D__CUDA_INCLUDE_COMPILER_INTERNAL_HEADERS__  "-IC:/Program Files/NVIDIA GPU Computing Toolkit/CUDA/v12.1/bin/../include"    -D__CUDACC_VER_MAJOR__=12 -D__CUDACC_VER_MINOR__=1 -D__CUDACC_VER_BUILD__=105 -D__CUDA_API_VER_MAJOR__=12 -D__CUDA_API_VER_MINOR__=1 -D__NVCC_DIAG_PRAGMA_SUPPORT__=1 "C:\Program Files\NVIDIA GPU Computing Toolkit\CUDA\v12.1\bin\crt\link.stub" ]
#$ cl.exe @"tmp/a_dlink.obj.res" -Fo"tmp/a_dlink.obj" 
link.stub
#$ resource file tmp/a.exe.res: [-D__CUDA_ARCH_LIST__=520 -nologo "C:\Users\Cameron McEleney\CLionProjects\SpinChainsCUDA\cmake-build-debug\CMakeFiles\3.25.2\CompilerIdCUDA\tmp\a_dlink.obj" "C:\Users\Cameron McEleney\CLionProjects\SpinChainsCUDA\cmake-build-debug\CMakeFiles\3.25.2\CompilerIdCUDA\tmp\CMakeCUDACompilerId.obj" -link -INCREMENTAL:NO   "/LIBPATH:C:/Program Files/NVIDIA GPU Computing Toolkit/CUDA/v12.1/bin/../lib/x64"  cudadevrt.lib  cudart_static.lib]
#$ cl.exe @"tmp/a.exe.res" -Fe"a.exe" 
   Creating library a.lib and object a.exp


Compilation of the CUDA compiler identification source "CMakeCUDACompilerId.cu" produced "a.exe"

Compilation of the CUDA compiler identification source "CMakeCUDACompilerId.cu" produced "a.exp"

Compilation of the CUDA compiler identification source "CMakeCUDACompilerId.cu" produced "a.lib"

The CUDA compiler identification is NVIDIA, found in "C:/Users/Cameron McEleney/CLionProjects/SpinChainsCUDA/cmake-build-debug/CMakeFiles/3.25.2/CompilerIdCUDA/a.exe"

Parsed CUDA nvcc implicit link information from above output:
  found 'PATH=' string: [C:\Program Files\Microsoft Visual Studio\2022\Community\VC\Tools\MSVC\14.36.32532\bin\Hostx64\x64;C:\Program Files\Microsoft Visual Studio\2022\Community\VC\Tools\MSVC\14.36.32532\bin\HostX64\x64;C:\Program Files\Microsoft Visual Studio\2022\Community\Common7\IDE\VC\VCPackages;C:\Program Files\Microsoft Visual Studio\2022\Community\Common7\IDE\CommonExtensions\Microsoft\TestWindow;C:\Program Files\Microsoft Visual Studio\2022\Community\Common7\IDE\CommonExtensions\Microsoft\TeamFoundation\Team Explorer;C:\Program Files\Microsoft Visual Studio\2022\Community\MSBuild\Current\bin\Roslyn;C:\Program Files\Microsoft Visual Studio\2022\Community\Team Tools\Performance Tools\x64;C:\Program Files\Microsoft Visual Studio\2022\Community\Team Tools\Performance Tools;C:\Program Files (x86)\Microsoft SDKs\Windows\v10.0A\bin\NETFX 4.8 Tools\x64\;C:\Program Files\Microsoft Visual Studio\2022\Community\Common7\IDE\CommonExtensions\Microsoft\FSharp\Tools;C:\Program Files (x86)\Windows Kits\10\bin\10.0.22000.0\\x64;C:\Program Files (x86)\Windows Kits\10\bin\\x64;C:\Program Files\Microsoft Visual Studio\2022\Community\\MSBuild\Current\Bin\amd64;C:\Windows\Microsoft.NET\Framework64\v4.0.30319;C:\Program Files\Microsoft Visual Studio\2022\Community\Common7\IDE\;C:\Program Files\Microsoft Visual Studio\2022\Community\Common7\Tools\;C:\Program Files\JetBrains\CLion 2021.3\bin\mingw\bin;C:\Program Files\NVIDIA GPU Computing Toolkit\CUDA\v12.1\bin;C:\Windows\system32;C:\Windows;C:\Windows\System32\Wbem;C:\Windows\System32\WindowsPowerShell\v1.0\;C:\Windows\System32\OpenSSH\;C:\Program Files (x86)\NVIDIA Corporation\PhysX\Common;C:\Program Files\NVIDIA Corporation\NVIDIA NvDLISR;C:\Program Files\Git\cmd;C:\Program Files\dotnet\;C:\Program Files\Inkscape\bin;C:\WINDOWS\system32;C:\WINDOWS;C:\WINDOWS\System32\Wbem;C:\WINDOWS\System32\WindowsPowerShell\v1.0\;C:\WINDOWS\System32\OpenSSH\;C:\Program Files\Nookkin\MultiscreenBlank2;C:\Program Files\gs\gs10.01.1\bin;C:\Program Files\PowerShell\7\;C:\Program Files\NVIDIA Corporation\Nsight Compute 2023.1.1\;C:\Program Files\Microsoft Visual Studio\2022\Community\VC\Tools\MSVC\14.36.32532\bin\Hostx64\x64;C:\Users\Cameron McEleney\AppData\Local\Programs\Python\Launcher\;C:\Windows\system32;C:\Windows;C:\Windows\System32\Wbem;C:\Windows\System32\WindowsPowerShell\v1.0\;C:\Windows\System32\OpenSSH\;C:\Program Files (x86)\NVIDIA Corporation\PhysX\Common;C:\Program Files\NVIDIA Corporation\NVIDIA NvDLISR;C:\Program Files\Git\cmd;C:\Program Files\dotnet\;C:\Program Files\Inkscape\bin;C:\WINDOWS\system32;C:\WINDOWS;C:\WINDOWS\System32\Wbem;C:\WINDOWS\System32\WindowsPowerShell\v1.0\;C:\WINDOWS\System32\OpenSSH\;C:\Program Files\PowerShell\7\;C:\Users\Cameron McEleney\AppData\Local\Microsoft\WindowsApps;C:\Program Files\JetBrains\CLion 2021.3\bin;C:\Users\Cameron McEleney\AppData\Local\GitHubDesktop\bin;C:\Program Files\JetBrains\PyCharm 2022.2\bin;C:\Python34\Scripts;C:\Users\Cameron McEleney\AppData\Local\Programs\Python\Python39\Scripts;C:\Users\Cameron McEleney\AppData\Local\Programs\MiKTeX\miktex\bin\x64\;C:\Program Files\JetBrains\PyCharm 2022.3.2\bin;;C:\Program Files\Microsoft Visual Studio\2022\Community\VC\Tools\MSVC\14.36.32532\bin\Hostx64\x64;;C:\Program Files\JetBrains\CLion 2021.3\bin\ninja\win\x64;C:\Program Files\Microsoft Visual Studio\2022\Community\VC\Tools\Llvm\x64\bin;C:\Program Files\Microsoft Visual Studio\2022\Community\Common7\IDE\CommonExtensions\Microsoft\CMake\CMake\bin;C:\Program Files\Microsoft Visual Studio\2022\Community\Common7\IDE\CommonExtensions\Microsoft\CMake\Ninja;C:\Program Files\Microsoft Visual Studio\2022\Community\Common7\IDE\VC\Linux\bin\ConnectionManagerExe;C:\Program Files\Microsoft Visual Studio\2022\Community\VC\vcpkg]
  found 'LIBRARIES=' string: ["/LIBPATH:C:/Program Files/NVIDIA GPU Computing Toolkit/CUDA/v12.1/bin/../lib/x64"]
  considering line: []
  considering line: [C:\Users\Cameron McEleney\CLionProjects\SpinChainsCUDA\cmake-build-debug\CMakeFiles\3.25.2\CompilerIdCUDA>call "C:/Program Files/Microsoft Visual Studio/2022/Community/VC/Tools/MSVC/14.36.32532/bin/Hostx64/x64/../../../../../../../VC/Auxiliary/Build/vcvars64.bat" ]
  considering line: [**********************************************************************]
  considering line: [** Visual Studio 2022 Developer Command Prompt v17.6.2]
  considering line: [** Copyright (c) 2022 Microsoft Corporation]
  considering line: [**********************************************************************]
  considering line: [[vcvarsall.bat] Environment initialized for: 'x64']
  considering line: [C:/Program Files/Microsoft Visual Studio/2022/Community/VC/Tools/MSVC/14.36.32532/bin/Hostx64/x64/../../../../../../../VC/Auxiliary/Build/vcvars64.bat]
  considering line: [erase tmp/a_dlink.reg.c]
  considering line: [CMakeCUDACompilerId.cu]
  considering line: [resource file tmp/CMakeCUDACompilerId.cpp4.ii.res: [-D__CUDA_ARCH_LIST__=520 -nologo -E -TP -EHsc -D__CUDACC__ -D__NVCC__  "-IC:/Program Files/NVIDIA GPU Computing Toolkit/CUDA/v12.1/bin/../include"    -D__CUDACC_VER_MAJOR__=12 -D__CUDACC_VER_MINOR__=1 -D__CUDACC_VER_BUILD__=105 -D__CUDA_API_VER_MAJOR__=12 -D__CUDA_API_VER_MINOR__=1 -D__NVCC_DIAG_PRAGMA_SUPPORT__=1 -FI "cuda_runtime.h" "CMakeCUDACompilerId.cu" ]]
  considering line: [cl.exe @"tmp/CMakeCUDACompilerId.cpp4.ii.res" > "tmp/CMakeCUDACompilerId.cpp4.ii" ]
  considering line: [CMakeCUDACompilerId.cu]
  considering line: [cudafe++ --microsoft_version=1936 --msvc_target_version=1936 --compiler_bindir "C:/Program Files/Microsoft Visual Studio/2022/Community/VC/Tools/MSVC/14.36.32532/bin/Hostx64/x64/../../../../../../.." --sdk_dir "C:/Program Files (x86)/Windows Kits/10/" --display_error_number --orig_src_file_name "CMakeCUDACompilerId.cu" --orig_src_path_name "C:\Users\Cameron McEleney\CLionProjects\SpinChainsCUDA\cmake-build-debug\CMakeFiles\3.25.2\CompilerIdCUDA\CMakeCUDACompilerId.cu" --allow_managed --m64 --parse_templates --gen_c_file_name "tmp/CMakeCUDACompilerId.cudafe1.cpp" --stub_file_name "CMakeCUDACompilerId.cudafe1.stub.c" --gen_module_id_file --module_id_file_name "tmp/CMakeCUDACompilerId.module_id" "tmp/CMakeCUDACompilerId.cpp4.ii" ]
  considering line: [resource file tmp/CMakeCUDACompilerId.cpp1.ii.res: [-D__CUDA_ARCH__=520 -D__CUDA_ARCH_LIST__=520 -nologo -E -TP  -DCUDA_DOUBLE_MATH_FUNCTIONS -EHsc -D__CUDACC__ -D__NVCC__  "-IC:/Program Files/NVIDIA GPU Computing Toolkit/CUDA/v12.1/bin/../include"    -D__CUDACC_VER_MAJOR__=12 -D__CUDACC_VER_MINOR__=1 -D__CUDACC_VER_BUILD__=105 -D__CUDA_API_VER_MAJOR__=12 -D__CUDA_API_VER_MINOR__=1 -D__NVCC_DIAG_PRAGMA_SUPPORT__=1 -FI "cuda_runtime.h" "CMakeCUDACompilerId.cu" ]]
  considering line: [cl.exe @"tmp/CMakeCUDACompilerId.cpp1.ii.res" > "tmp/CMakeCUDACompilerId.cpp1.ii" ]
  considering line: [CMakeCUDACompilerId.cu]
  considering line: [cicc --microsoft_version=1936 --msvc_target_version=1936 --compiler_bindir "C:/Program Files/Microsoft Visual Studio/2022/Community/VC/Tools/MSVC/14.36.32532/bin/Hostx64/x64/../../../../../../.." --sdk_dir "C:/Program Files (x86)/Windows Kits/10/" --display_error_number --orig_src_file_name "CMakeCUDACompilerId.cu" --orig_src_path_name "C:\Users\Cameron McEleney\CLionProjects\SpinChainsCUDA\cmake-build-debug\CMakeFiles\3.25.2\CompilerIdCUDA\CMakeCUDACompilerId.cu" --allow_managed  -arch compute_52 -m64 --no-version-ident -ftz=0 -prec_div=1 -prec_sqrt=1 -fmad=1 --include_file_name "CMakeCUDACompilerId.fatbin.c" -tused --module_id_file_name "tmp/CMakeCUDACompilerId.module_id" --gen_c_file_name "tmp/CMakeCUDACompilerId.cudafe1.c" --stub_file_name "tmp/CMakeCUDACompilerId.cudafe1.stub.c" --gen_device_file_name "tmp/CMakeCUDACompilerId.cudafe1.gpu"  "tmp/CMakeCUDACompilerId.cpp1.ii" -o "tmp/CMakeCUDACompilerId.ptx"]
  considering line: [ptxas -arch=sm_52 -m64 "tmp/CMakeCUDACompilerId.ptx"  -o "tmp/CMakeCUDACompilerId.sm_52.cubin" ]
  considering line: [fatbinary --create="tmp/CMakeCUDACompilerId.fatbin" -64 --cicc-cmdline="-ftz=0 -prec_div=1 -prec_sqrt=1 -fmad=1 " "--image3=kind=elf,sm=52,file=tmp/CMakeCUDACompilerId.sm_52.cubin" "--image3=kind=ptx,sm=52,file=tmp/CMakeCUDACompilerId.ptx" --embedded-fatbin="tmp/CMakeCUDACompilerId.fatbin.c" ]
  considering line: [resource file tmp/CMakeCUDACompilerId.obj.res: [-D__CUDA_ARCH__=520 -D__CUDA_ARCH_LIST__=520 -nologo -c -TP  -DCUDA_DOUBLE_MATH_FUNCTIONS -EHsc "-IC:/Program Files/NVIDIA GPU Computing Toolkit/CUDA/v12.1/bin/../include"   "C:\Users\Cameron McEleney\CLionProjects\SpinChainsCUDA\cmake-build-debug\CMakeFiles\3.25.2\CompilerIdCUDA\tmp\CMakeCUDACompilerId.cudafe1.cpp" ]]
  considering line: [cl.exe @"tmp/CMakeCUDACompilerId.obj.res" -Fo"tmp/CMakeCUDACompilerId.obj" ]
  considering line: [CMakeCUDACompilerId.cudafe1.cpp]
  considering line: [resource file tmp/a_dlink.sm_52.cubin.optf: [-m64 --arch=sm_52 --register-link-binaries="tmp/a_dlink.reg.c"    "/LIBPATH:C:/Program Files/NVIDIA GPU Computing Toolkit/CUDA/v12.1/bin/../lib/x64" -cpu-arch=X86_64 "tmp/CMakeCUDACompilerId.obj"  cudadevrt.lib  -o "tmp/a_dlink.sm_52.cubin"]]
    extracted link line: [resource file tmp/a_dlink.sm_52.cubin.optf: [-m64 --arch=sm_52 --register-link-binaries="tmp/a_dlink.reg.c"    "/LIBPATH:C:/Program Files/NVIDIA GPU Computing Toolkit/CUDA/v12.1/bin/../lib/x64" -cpu-arch=X86_64 "tmp/CMakeCUDACompilerId.obj"  cudadevrt.lib  -o "tmp/a_dlink.sm_52.cubin"]]
  considering line: [nvlink -optf "tmp/a_dlink.sm_52.cubin.optf"]
    ignoring nvlink line
  considering line: [fatbinary --create="tmp/a_dlink.fatbin" -64 --cicc-cmdline="-ftz=0 -prec_div=1 -prec_sqrt=1 -fmad=1 " -link "--image3=kind=elf,sm=52,file=tmp/a_dlink.sm_52.cubin" --embedded-fatbin="tmp/a_dlink.fatbin.c" ]
  considering line: [resource file tmp/a_dlink.obj.res: [-D__CUDA_ARCH_LIST__=520 -nologo -c -TP -EHsc -DFATBINFILE="\"tmp/a_dlink.fatbin.c\"" -DREGISTERLINKBINARYFILE="\"tmp/a_dlink.reg.c\"" -I. -D__NV_EXTRA_INITIALIZATION= -D__NV_EXTRA_FINALIZATION= -D__CUDA_INCLUDE_COMPILER_INTERNAL_HEADERS__  "-IC:/Program Files/NVIDIA GPU Computing Toolkit/CUDA/v12.1/bin/../include"    -D__CUDACC_VER_MAJOR__=12 -D__CUDACC_VER_MINOR__=1 -D__CUDACC_VER_BUILD__=105 -D__CUDA_API_VER_MAJOR__=12 -D__CUDA_API_VER_MINOR__=1 -D__NVCC_DIAG_PRAGMA_SUPPORT__=1 "C:\Program Files\NVIDIA GPU Computing Toolkit\CUDA\v12.1\bin\crt\link.stub" ]]
  considering line: [cl.exe @"tmp/a_dlink.obj.res" -Fo"tmp/a_dlink.obj" ]
  considering line: [link.stub]
  considering line: [resource file tmp/a.exe.res: [-D__CUDA_ARCH_LIST__=520 -nologo "C:\Users\Cameron McEleney\CLionProjects\SpinChainsCUDA\cmake-build-debug\CMakeFiles\3.25.2\CompilerIdCUDA\tmp\a_dlink.obj" "C:\Users\Cameron McEleney\CLionProjects\SpinChainsCUDA\cmake-build-debug\CMakeFiles\3.25.2\CompilerIdCUDA\tmp\CMakeCUDACompilerId.obj" -link -INCREMENTAL:NO   "/LIBPATH:C:/Program Files/NVIDIA GPU Computing Toolkit/CUDA/v12.1/bin/../lib/x64"  cudadevrt.lib  cudart_static.lib]]
    extracted link line: [resource file tmp/a.exe.res: [-D__CUDA_ARCH_LIST__=520 -nologo "C:\Users\Cameron McEleney\CLionProjects\SpinChainsCUDA\cmake-build-debug\CMakeFiles\3.25.2\CompilerIdCUDA\tmp\a_dlink.obj" "C:\Users\Cameron McEleney\CLionProjects\SpinChainsCUDA\cmake-build-debug\CMakeFiles\3.25.2\CompilerIdCUDA\tmp\CMakeCUDACompilerId.obj" -link -INCREMENTAL:NO   "/LIBPATH:C:/Program Files/NVIDIA GPU Computing Toolkit/CUDA/v12.1/bin/../lib/x64"  cudadevrt.lib  cudart_static.lib]]
  considering line: [cl.exe @"tmp/a.exe.res" -Fe"a.exe" ]
    extracted link line: [cl.exe -D__CUDA_ARCH_LIST__=520 -nologo "C:\Users\Cameron McEleney\CLionProjects\SpinChainsCUDA\cmake-build-debug\CMakeFiles\3.25.2\CompilerIdCUDA\tmp\a_dlink.obj" "C:\Users\Cameron McEleney\CLionProjects\SpinChainsCUDA\cmake-build-debug\CMakeFiles\3.25.2\CompilerIdCUDA\tmp\CMakeCUDACompilerId.obj" -link -INCREMENTAL:NO   "/LIBPATH:C:/Program Files/NVIDIA GPU Computing Toolkit/CUDA/v12.1/bin/../lib/x64"  cudadevrt.lib  cudart_static.lib -Fe"a.exe" ]
  considering line: [   Creating library a.lib and object a.exp]
  considering line: []

  link line regex: [^( *|.*[/\])(ld\.exe|CMAKE_LINK_STARTFILE-NOTFOUND|([^/\]+-)?ld|collect2)[^/\]*( |$)]
  link line: [cuda-fake-ld cl.exe -D__CUDA_ARCH_LIST__=520 -nologo "C:\Users\Cameron McEleney\CLionProjects\SpinChainsCUDA\cmake-build-debug\CMakeFiles\3.25.2\CompilerIdCUDA\tmp\a_dlink.obj" "C:\Users\Cameron McEleney\CLionProjects\SpinChainsCUDA\cmake-build-debug\CMakeFiles\3.25.2\CompilerIdCUDA\tmp\CMakeCUDACompilerId.obj" -link -INCREMENTAL:NO   "/LIBPATH:C:/Program Files/NVIDIA GPU Computing Toolkit/CUDA/v12.1/bin/../lib/x64"  cudadevrt.lib  cudart_static.lib -Fe"a.exe" ]
    arg [cuda-fake-ld] ==> ignore
    arg [cl.exe] ==> recognize MSVC cl
    arg [-D__CUDA_ARCH_LIST__=520] ==> ignore
    arg [-nologo] ==> ignore
    arg [C:\Users\Cameron McEleney\CLionProjects\SpinChainsCUDA\cmake-build-debug\CMakeFiles\3.25.2\CompilerIdCUDA\tmp\a_dlink.obj] ==> ignore
    arg [C:\Users\Cameron McEleney\CLionProjects\SpinChainsCUDA\cmake-build-debug\CMakeFiles\3.25.2\CompilerIdCUDA\tmp\CMakeCUDACompilerId.obj] ==> ignore
    arg [-link] ==> ignore MSVC cl option
    arg [-INCREMENTAL:NO] ==> ignore
    arg [/LIBPATH:C:/Program Files/NVIDIA GPU Computing Toolkit/CUDA/v12.1/bin/../lib/x64] ==> dir [C:/Program Files/NVIDIA GPU Computing Toolkit/CUDA/v12.1/bin/../lib/x64]
    arg [cudadevrt.lib] ==> lib [cudadevrt.lib]
    arg [cudart_static.lib] ==> lib [cudart_static.lib]
    arg [-Fea.exe] ==> ignore
  collapse library dir [C:/Program Files/NVIDIA GPU Computing Toolkit/CUDA/v12.1/bin/../lib/x64] ==> [C:/Program Files/NVIDIA GPU Computing Toolkit/CUDA/v12.1/lib/x64]
  implicit libs: [cudadevrt.lib;cudart_static.lib]
  implicit objs: []
  implicit dirs: [C:/Program Files/NVIDIA GPU Computing Toolkit/CUDA/v12.1/lib/x64]
  implicit fwks: []


Parsed CUDA nvcc include information from above output:
  found 'PATH=' string: [C:\Program Files\Microsoft Visual Studio\2022\Community\VC\Tools\MSVC\14.36.32532\bin\Hostx64\x64;C:\Program Files\Microsoft Visual Studio\2022\Community\VC\Tools\MSVC\14.36.32532\bin\HostX64\x64;C:\Program Files\Microsoft Visual Studio\2022\Community\Common7\IDE\VC\VCPackages;C:\Program Files\Microsoft Visual Studio\2022\Community\Common7\IDE\CommonExtensions\Microsoft\TestWindow;C:\Program Files\Microsoft Visual Studio\2022\Community\Common7\IDE\CommonExtensions\Microsoft\TeamFoundation\Team Explorer;C:\Program Files\Microsoft Visual Studio\2022\Community\MSBuild\Current\bin\Roslyn;C:\Program Files\Microsoft Visual Studio\2022\Community\Team Tools\Performance Tools\x64;C:\Program Files\Microsoft Visual Studio\2022\Community\Team Tools\Performance Tools;C:\Program Files (x86)\Microsoft SDKs\Windows\v10.0A\bin\NETFX 4.8 Tools\x64\;C:\Program Files\Microsoft Visual Studio\2022\Community\Common7\IDE\CommonExtensions\Microsoft\FSharp\Tools;C:\Program Files (x86)\Windows Kits\10\bin\10.0.22000.0\\x64;C:\Program Files (x86)\Windows Kits\10\bin\\x64;C:\Program Files\Microsoft Visual Studio\2022\Community\\MSBuild\Current\Bin\amd64;C:\Windows\Microsoft.NET\Framework64\v4.0.30319;C:\Program Files\Microsoft Visual Studio\2022\Community\Common7\IDE\;C:\Program Files\Microsoft Visual Studio\2022\Community\Common7\Tools\;C:\Program Files\JetBrains\CLion 2021.3\bin\mingw\bin;C:\Program Files\NVIDIA GPU Computing Toolkit\CUDA\v12.1\bin;C:\Windows\system32;C:\Windows;C:\Windows\System32\Wbem;C:\Windows\System32\WindowsPowerShell\v1.0\;C:\Windows\System32\OpenSSH\;C:\Program Files (x86)\NVIDIA Corporation\PhysX\Common;C:\Program Files\NVIDIA Corporation\NVIDIA NvDLISR;C:\Program Files\Git\cmd;C:\Program Files\dotnet\;C:\Program Files\Inkscape\bin;C:\WINDOWS\system32;C:\WINDOWS;C:\WINDOWS\System32\Wbem;C:\WINDOWS\System32\WindowsPowerShell\v1.0\;C:\WINDOWS\System32\OpenSSH\;C:\Program Files\Nookkin\MultiscreenBlank2;C:\Program Files\gs\gs10.01.1\bin;C:\Program Files\PowerShell\7\;C:\Program Files\NVIDIA Corporation\Nsight Compute 2023.1.1\;C:\Program Files\Microsoft Visual Studio\2022\Community\VC\Tools\MSVC\14.36.32532\bin\Hostx64\x64;C:\Users\Cameron McEleney\AppData\Local\Programs\Python\Launcher\;C:\Windows\system32;C:\Windows;C:\Windows\System32\Wbem;C:\Windows\System32\WindowsPowerShell\v1.0\;C:\Windows\System32\OpenSSH\;C:\Program Files (x86)\NVIDIA Corporation\PhysX\Common;C:\Program Files\NVIDIA Corporation\NVIDIA NvDLISR;C:\Program Files\Git\cmd;C:\Program Files\dotnet\;C:\Program Files\Inkscape\bin;C:\WINDOWS\system32;C:\WINDOWS;C:\WINDOWS\System32\Wbem;C:\WINDOWS\System32\WindowsPowerShell\v1.0\;C:\WINDOWS\System32\OpenSSH\;C:\Program Files\PowerShell\7\;C:\Users\Cameron McEleney\AppData\Local\Microsoft\WindowsApps;C:\Program Files\JetBrains\CLion 2021.3\bin;C:\Users\Cameron McEleney\AppData\Local\GitHubDesktop\bin;C:\Program Files\JetBrains\PyCharm 2022.2\bin;C:\Python34\Scripts;C:\Users\Cameron McEleney\AppData\Local\Programs\Python\Python39\Scripts;C:\Users\Cameron McEleney\AppData\Local\Programs\MiKTeX\miktex\bin\x64\;C:\Program Files\JetBrains\PyCharm 2022.3.2\bin;;C:\Program Files\Microsoft Visual Studio\2022\Community\VC\Tools\MSVC\14.36.32532\bin\Hostx64\x64;;C:\Program Files\JetBrains\CLion 2021.3\bin\ninja\win\x64;C:\Program Files\Microsoft Visual Studio\2022\Community\VC\Tools\Llvm\x64\bin;C:\Program Files\Microsoft Visual Studio\2022\Community\Common7\IDE\CommonExtensions\Microsoft\CMake\CMake\bin;C:\Program Files\Microsoft Visual Studio\2022\Community\Common7\IDE\CommonExtensions\Microsoft\CMake\Ninja;C:\Program Files\Microsoft Visual Studio\2022\Community\Common7\IDE\VC\Linux\bin\ConnectionManagerExe;C:\Program Files\Microsoft Visual Studio\2022\Community\VC\vcpkg]
  found 'LIBRARIES=' string: ["/LIBPATH:C:/Program Files/NVIDIA GPU Computing Toolkit/CUDA/v12.1/bin/../lib/x64"]
  considering line: []
  considering line: [C:\Users\Cameron McEleney\CLionProjects\SpinChainsCUDA\cmake-build-debug\CMakeFiles\3.25.2\CompilerIdCUDA>call "C:/Program Files/Microsoft Visual Studio/2022/Community/VC/Tools/MSVC/14.36.32532/bin/Hostx64/x64/../../../../../../../VC/Auxiliary/Build/vcvars64.bat" ]
  considering line: [**********************************************************************]
  considering line: [** Visual Studio 2022 Developer Command Prompt v17.6.2]
  considering line: [** Copyright (c) 2022 Microsoft Corporation]
  considering line: [**********************************************************************]
  considering line: [[vcvarsall.bat] Environment initialized for: 'x64']
  considering line: [C:/Program Files/Microsoft Visual Studio/2022/Community/VC/Tools/MSVC/14.36.32532/bin/Hostx64/x64/../../../../../../../VC/Auxiliary/Build/vcvars64.bat]
  considering line: [erase tmp/a_dlink.reg.c]
  considering line: [CMakeCUDACompilerId.cu]
  considering line: [resource file tmp/CMakeCUDACompilerId.cpp4.ii.res: [-D__CUDA_ARCH_LIST__=520 -nologo -E -TP -EHsc -D__CUDACC__ -D__NVCC__  "-IC:/Program Files/NVIDIA GPU Computing Toolkit/CUDA/v12.1/bin/../include"    -D__CUDACC_VER_MAJOR__=12 -D__CUDACC_VER_MINOR__=1 -D__CUDACC_VER_BUILD__=105 -D__CUDA_API_VER_MAJOR__=12 -D__CUDA_API_VER_MINOR__=1 -D__NVCC_DIAG_PRAGMA_SUPPORT__=1 -FI "cuda_runtime.h" "CMakeCUDACompilerId.cu" ]]
  considering line: [cl.exe @"tmp/CMakeCUDACompilerId.cpp4.ii.res" > "tmp/CMakeCUDACompilerId.cpp4.ii" ]
  considering line: [CMakeCUDACompilerId.cu]
  considering line: [cudafe++ --microsoft_version=1936 --msvc_target_version=1936 --compiler_bindir "C:/Program Files/Microsoft Visual Studio/2022/Community/VC/Tools/MSVC/14.36.32532/bin/Hostx64/x64/../../../../../../.." --sdk_dir "C:/Program Files (x86)/Windows Kits/10/" --display_error_number --orig_src_file_name "CMakeCUDACompilerId.cu" --orig_src_path_name "C:\Users\Cameron McEleney\CLionProjects\SpinChainsCUDA\cmake-build-debug\CMakeFiles\3.25.2\CompilerIdCUDA\CMakeCUDACompilerId.cu" --allow_managed --m64 --parse_templates --gen_c_file_name "tmp/CMakeCUDACompilerId.cudafe1.cpp" --stub_file_name "CMakeCUDACompilerId.cudafe1.stub.c" --gen_module_id_file --module_id_file_name "tmp/CMakeCUDACompilerId.module_id" "tmp/CMakeCUDACompilerId.cpp4.ii" ]
  considering line: [resource file tmp/CMakeCUDACompilerId.cpp1.ii.res: [-D__CUDA_ARCH__=520 -D__CUDA_ARCH_LIST__=520 -nologo -E -TP  -DCUDA_DOUBLE_MATH_FUNCTIONS -EHsc -D__CUDACC__ -D__NVCC__  "-IC:/Program Files/NVIDIA GPU Computing Toolkit/CUDA/v12.1/bin/../include"    -D__CUDACC_VER_MAJOR__=12 -D__CUDACC_VER_MINOR__=1 -D__CUDACC_VER_BUILD__=105 -D__CUDA_API_VER_MAJOR__=12 -D__CUDA_API_VER_MINOR__=1 -D__NVCC_DIAG_PRAGMA_SUPPORT__=1 -FI "cuda_runtime.h" "CMakeCUDACompilerId.cu" ]]
  considering line: [cl.exe @"tmp/CMakeCUDACompilerId.cpp1.ii.res" > "tmp/CMakeCUDACompilerId.cpp1.ii" ]
  considering line: [CMakeCUDACompilerId.cu]
  considering line: [cicc --microsoft_version=1936 --msvc_target_version=1936 --compiler_bindir "C:/Program Files/Microsoft Visual Studio/2022/Community/VC/Tools/MSVC/14.36.32532/bin/Hostx64/x64/../../../../../../.." --sdk_dir "C:/Program Files (x86)/Windows Kits/10/" --display_error_number --orig_src_file_name "CMakeCUDACompilerId.cu" --orig_src_path_name "C:\Users\Cameron McEleney\CLionProjects\SpinChainsCUDA\cmake-build-debug\CMakeFiles\3.25.2\CompilerIdCUDA\CMakeCUDACompilerId.cu" --allow_managed  -arch compute_52 -m64 --no-version-ident -ftz=0 -prec_div=1 -prec_sqrt=1 -fmad=1 --include_file_name "CMakeCUDACompilerId.fatbin.c" -tused --module_id_file_name "tmp/CMakeCUDACompilerId.module_id" --gen_c_file_name "tmp/CMakeCUDACompilerId.cudafe1.c" --stub_file_name "tmp/CMakeCUDACompilerId.cudafe1.stub.c" --gen_device_file_name "tmp/CMakeCUDACompilerId.cudafe1.gpu"  "tmp/CMakeCUDACompilerId.cpp1.ii" -o "tmp/CMakeCUDACompilerId.ptx"]
  considering line: [ptxas -arch=sm_52 -m64 "tmp/CMakeCUDACompilerId.ptx"  -o "tmp/CMakeCUDACompilerId.sm_52.cubin" ]
  considering line: [fatbinary --create="tmp/CMakeCUDACompilerId.fatbin" -64 --cicc-cmdline="-ftz=0 -prec_div=1 -prec_sqrt=1 -fmad=1 " "--image3=kind=elf,sm=52,file=tmp/CMakeCUDACompilerId.sm_52.cubin" "--image3=kind=ptx,sm=52,file=tmp/CMakeCUDACompilerId.ptx" --embedded-fatbin="tmp/CMakeCUDACompilerId.fatbin.c" ]
  considering line: [resource file tmp/CMakeCUDACompilerId.obj.res: [-D__CUDA_ARCH__=520 -D__CUDA_ARCH_LIST__=520 -nologo -c -TP  -DCUDA_DOUBLE_MATH_FUNCTIONS -EHsc "-IC:/Program Files/NVIDIA GPU Computing Toolkit/CUDA/v12.1/bin/../include"   "C:\Users\Cameron McEleney\CLionProjects\SpinChainsCUDA\cmake-build-debug\CMakeFiles\3.25.2\CompilerIdCUDA\tmp\CMakeCUDACompilerId.cudafe1.cpp" ]]
  considering line: [cl.exe @"tmp/CMakeCUDACompilerId.obj.res" -Fo"tmp/CMakeCUDACompilerId.obj" ]
  considering line: [CMakeCUDACompilerId.cudafe1.cpp]
  considering line: [resource file tmp/a_dlink.sm_52.cubin.optf: [-m64 --arch=sm_52 --register-link-binaries="tmp/a_dlink.reg.c"    "/LIBPATH:C:/Program Files/NVIDIA GPU Computing Toolkit/CUDA/v12.1/bin/../lib/x64" -cpu-arch=X86_64 "tmp/CMakeCUDACompilerId.obj"  cudadevrt.lib  -o "tmp/a_dlink.sm_52.cubin"]]
    extracted link line: [resource file tmp/a_dlink.sm_52.cubin.optf: [-m64 --arch=sm_52 --register-link-binaries="tmp/a_dlink.reg.c"    "/LIBPATH:C:/Program Files/NVIDIA GPU Computing Toolkit/CUDA/v12.1/bin/../lib/x64" -cpu-arch=X86_64 "tmp/CMakeCUDACompilerId.obj"  cudadevrt.lib  -o "tmp/a_dlink.sm_52.cubin"]]
  considering line: [nvlink -optf "tmp/a_dlink.sm_52.cubin.optf"]
    ignoring nvlink line
  considering line: [fatbinary --create="tmp/a_dlink.fatbin" -64 --cicc-cmdline="-ftz=0 -prec_div=1 -prec_sqrt=1 -fmad=1 " -link "--image3=kind=elf,sm=52,file=tmp/a_dlink.sm_52.cubin" --embedded-fatbin="tmp/a_dlink.fatbin.c" ]
  considering line: [resource file tmp/a_dlink.obj.res: [-D__CUDA_ARCH_LIST__=520 -nologo -c -TP -EHsc -DFATBINFILE="\"tmp/a_dlink.fatbin.c\"" -DREGISTERLINKBINARYFILE="\"tmp/a_dlink.reg.c\"" -I. -D__NV_EXTRA_INITIALIZATION= -D__NV_EXTRA_FINALIZATION= -D__CUDA_INCLUDE_COMPILER_INTERNAL_HEADERS__  "-IC:/Program Files/NVIDIA GPU Computing Toolkit/CUDA/v12.1/bin/../include"    -D__CUDACC_VER_MAJOR__=12 -D__CUDACC_VER_MINOR__=1 -D__CUDACC_VER_BUILD__=105 -D__CUDA_API_VER_MAJOR__=12 -D__CUDA_API_VER_MINOR__=1 -D__NVCC_DIAG_PRAGMA_SUPPORT__=1 "C:\Program Files\NVIDIA GPU Computing Toolkit\CUDA\v12.1\bin\crt\link.stub" ]]
  considering line: [cl.exe @"tmp/a_dlink.obj.res" -Fo"tmp/a_dlink.obj" ]
  considering line: [link.stub]
  considering line: [resource file tmp/a.exe.res: [-D__CUDA_ARCH_LIST__=520 -nologo "C:\Users\Cameron McEleney\CLionProjects\SpinChainsCUDA\cmake-build-debug\CMakeFiles\3.25.2\CompilerIdCUDA\tmp\a_dlink.obj" "C:\Users\Cameron McEleney\CLionProjects\SpinChainsCUDA\cmake-build-debug\CMakeFiles\3.25.2\CompilerIdCUDA\tmp\CMakeCUDACompilerId.obj" -link -INCREMENTAL:NO   "/LIBPATH:C:/Program Files/NVIDIA GPU Computing Toolkit/CUDA/v12.1/bin/../lib/x64"  cudadevrt.lib  cudart_static.lib]]
    extracted link line: [resource file tmp/a.exe.res: [-D__CUDA_ARCH_LIST__=520 -nologo "C:\Users\Cameron McEleney\CLionProjects\SpinChainsCUDA\cmake-build-debug\CMakeFiles\3.25.2\CompilerIdCUDA\tmp\a_dlink.obj" "C:\Users\Cameron McEleney\CLionProjects\SpinChainsCUDA\cmake-build-debug\CMakeFiles\3.25.2\CompilerIdCUDA\tmp\CMakeCUDACompilerId.obj" -link -INCREMENTAL:NO   "/LIBPATH:C:/Program Files/NVIDIA GPU Computing Toolkit/CUDA/v12.1/bin/../lib/x64"  cudadevrt.lib  cudart_static.lib]]
  considering line: [cl.exe @"tmp/a.exe.res" -Fe"a.exe" ]
    extracted link line: [cl.exe -D__CUDA_ARCH_LIST__=520 -nologo "C:\Users\Cameron McEleney\CLionProjects\SpinChainsCUDA\cmake-build-debug\CMakeFiles\3.25.2\CompilerIdCUDA\tmp\a_dlink.obj" "C:\Users\Cameron McEleney\CLionProjects\SpinChainsCUDA\cmake-build-debug\CMakeFiles\3.25.2\CompilerIdCUDA\tmp\CMakeCUDACompilerId.obj" -link -INCREMENTAL:NO   "/LIBPATH:C:/Program Files/NVIDIA GPU Computing Toolkit/CUDA/v12.1/bin/../lib/x64"  cudadevrt.lib  cudart_static.lib -Fe"a.exe" ]
  considering line: [   Creating library a.lib and object a.exp]
  considering line: []
  found 'INCLUDES=' string: ["-IC:/Program Files/NVIDIA GPU Computing Toolkit/CUDA/v12.1/bin/../include"  ]

  link line regex: [^( *|.*[/\])(ld\.exe|CMAKE_LINK_STARTFILE-NOTFOUND|([^/\]+-)?ld|collect2)[^/\]*( |$)]
  link line: [cuda-fake-ld cl.exe -D__CUDA_ARCH_LIST__=520 -nologo "C:\Users\Cameron McEleney\CLionProjects\SpinChainsCUDA\cmake-build-debug\CMakeFiles\3.25.2\CompilerIdCUDA\tmp\a_dlink.obj" "C:\Users\Cameron McEleney\CLionProjects\SpinChainsCUDA\cmake-build-debug\CMakeFiles\3.25.2\CompilerIdCUDA\tmp\CMakeCUDACompilerId.obj" -link -INCREMENTAL:NO   "/LIBPATH:C:/Program Files/NVIDIA GPU Computing Toolkit/CUDA/v12.1/bin/../lib/x64"  cudadevrt.lib  cudart_static.lib -Fe"a.exe" ]
    arg [cuda-fake-ld] ==> ignore
    arg [cl.exe] ==> recognize MSVC cl
    arg [-D__CUDA_ARCH_LIST__=520] ==> ignore
    arg [-nologo] ==> ignore
    arg [C:\Users\Cameron McEleney\CLionProjects\SpinChainsCUDA\cmake-build-debug\CMakeFiles\3.25.2\CompilerIdCUDA\tmp\a_dlink.obj] ==> ignore
    arg [C:\Users\Cameron McEleney\CLionProjects\SpinChainsCUDA\cmake-build-debug\CMakeFiles\3.25.2\CompilerIdCUDA\tmp\CMakeCUDACompilerId.obj] ==> ignore
    arg [-link] ==> ignore MSVC cl option
    arg [-INCREMENTAL:NO] ==> ignore
    arg [/LIBPATH:C:/Program Files/NVIDIA GPU Computing Toolkit/CUDA/v12.1/bin/../lib/x64] ==> dir [C:/Program Files/NVIDIA GPU Computing Toolkit/CUDA/v12.1/bin/../lib/x64]
    arg [cudadevrt.lib] ==> lib [cudadevrt.lib]
    arg [cudart_static.lib] ==> lib [cudart_static.lib]
    arg [-Fea.exe] ==> ignore
  collapse library dir [C:/Program Files/NVIDIA GPU Computing Toolkit/CUDA/v12.1/bin/../lib/x64] ==> [C:/Program Files/NVIDIA GPU Computing Toolkit/CUDA/v12.1/lib/x64]
  implicit libs: [cudadevrt.lib;cudart_static.lib]
  implicit objs: []
  implicit dirs: [C:/Program Files/NVIDIA GPU Computing Toolkit/CUDA/v12.1/lib/x64]
  implicit fwks: []


Detecting CXX compiler ABI info compiled with the following output:
Change Dir: C:/Users/Cameron McEleney/CLionProjects/SpinChainsCUDA/cmake-build-debug/CMakeFiles/CMakeScratch/TryCompile-o1x0lr

Run Build Command(s):C:/Program Files/JetBrains/CLion 2021.3/bin/ninja/win/x64/ninja.exe cmTC_07177 && [1/2] Building CXX object CMakeFiles/cmTC_07177.dir/CMakeCXXCompilerABI.cpp.obj
Using built-in specs.
COLLECT_GCC=C:\PROGRA~1\JETBRA~1\CLION2~1.3\bin\mingw\bin\G__~1.EXE
Target: x86_64-w64-mingw32
Configured with: ../gcc-11.2.0/configure --host=x86_64-w64-mingw32 --target=x86_64-w64-mingw32 --build=x86_64-alpine-linux-musl --prefix=/win --enable-checking=release --enable-fully-dynamic-string --enable-languages=c,c++ --enable-libatomic --enable-libgomp --enable-libstdcxx-filesystem-ts=yes --enable-libstdcxx-time=yes --enable-seh-exceptions --enable-shared --enable-static --enable-threads=posix --enable-version-specific-runtime-libs --disable-bootstrap --disable-graphite --disable-libada --disable-libstdcxx-pch --disable-libstdcxx-debug --disable-libquadmath --disable-lto --disable-nls --disable-multilib --disable-rpath --disable-symvers --disable-werror --disable-win32-registry --with-gnu-as --with-gnu-ld --with-system-libiconv --with-system-libz --with-gmp=/win/makedepends --with-mpfr=/win/makedepends --with-mpc=/win/makedepends
Thread model: posix
Supported LTO compression algorithms: zlib
gcc version 11.2.0 (GCC) 
COLLECT_GCC_OPTIONS='-fdiagnostics-color=always' '-v' '-o' 'CMakeFiles/cmTC_07177.dir/CMakeCXXCompilerABI.cpp.obj' '-c' '-shared-libgcc' '-mtune=generic' '-march=x86-64' '-dumpdir' 'CMakeFiles/cmTC_07177.dir/'
 C:/PROGRA~1/JETBRA~1/CLION2~1.3/bin/mingw/bin/../libexec/gcc/x86_64-w64-mingw32/11.2.0/cc1plus.exe -quiet -v -iprefix C:/PROGRA~1/JETBRA~1/CLION2~1.3/bin/mingw/bin/../lib/gcc/x86_64-w64-mingw32/11.2.0/ -D_REENTRANT C:/Program Files/JetBrains/CLion 2021.3/bin/cmake/win/x64/share/cmake-3.25/Modules/CMakeCXXCompilerABI.cpp -quiet -dumpdir CMakeFiles/cmTC_07177.dir/ -dumpbase CMakeCXXCompilerABI.cpp.cpp -dumpbase-ext .cpp -mtune=generic -march=x86-64 -version -fdiagnostics-color=always -o C:\Users\CAMERO~1\AppData\Local\Temp\cc804JTU.s
GNU C++17 (GCC) version 11.2.0 (x86_64-w64-mingw32)
	compiled by GNU C version 11.2.0, GMP version 6.2.1, MPFR version 4.1.0, MPC version 1.2.1, isl version none
GGC heuristics: --param ggc-min-expand=100 --param ggc-min-heapsize=131072
ignoring duplicate directory "C:/PROGRA~1/JETBRA~1/CLION2~1.3/bin/mingw/lib/gcc/../../lib/gcc/x86_64-w64-mingw32/11.2.0/include/c++"
ignoring duplicate directory "C:/PROGRA~1/JETBRA~1/CLION2~1.3/bin/mingw/lib/gcc/../../lib/gcc/x86_64-w64-mingw32/11.2.0/include/c++/x86_64-w64-mingw32"
ignoring duplicate directory "C:/PROGRA~1/JETBRA~1/CLION2~1.3/bin/mingw/lib/gcc/../../lib/gcc/x86_64-w64-mingw32/11.2.0/include/c++/backward"
ignoring duplicate directory "C:/PROGRA~1/JETBRA~1/CLION2~1.3/bin/mingw/lib/gcc/../../lib/gcc/x86_64-w64-mingw32/11.2.0/include"
ignoring nonexistent directory "/win/include"
ignoring duplicate directory "C:/PROGRA~1/JETBRA~1/CLION2~1.3/bin/mingw/lib/gcc/../../include"
ignoring duplicate directory "C:/PROGRA~1/JETBRA~1/CLION2~1.3/bin/mingw/lib/gcc/../../lib/gcc/x86_64-w64-mingw32/11.2.0/include-fixed"
ignoring duplicate directory "C:/PROGRA~1/JETBRA~1/CLION2~1.3/bin/mingw/lib/gcc/../../lib/gcc/x86_64-w64-mingw32/11.2.0/../../../../x86_64-w64-mingw32/include"
#include "..." search starts here:
#include <...> search starts here:
 C:/PROGRA~1/JETBRA~1/CLION2~1.3/bin/mingw/bin/../lib/gcc/x86_64-w64-mingw32/11.2.0/include/c++
 C:/PROGRA~1/JETBRA~1/CLION2~1.3/bin/mingw/bin/../lib/gcc/x86_64-w64-mingw32/11.2.0/include/c++/x86_64-w64-mingw32
 C:/PROGRA~1/JETBRA~1/CLION2~1.3/bin/mingw/bin/../lib/gcc/x86_64-w64-mingw32/11.2.0/include/c++/backward
 C:/PROGRA~1/JETBRA~1/CLION2~1.3/bin/mingw/bin/../lib/gcc/x86_64-w64-mingw32/11.2.0/include
 C:/PROGRA~1/JETBRA~1/CLION2~1.3/bin/mingw/bin/../lib/gcc/x86_64-w64-mingw32/11.2.0/../../../../include
 C:/PROGRA~1/JETBRA~1/CLION2~1.3/bin/mingw/bin/../lib/gcc/x86_64-w64-mingw32/11.2.0/include-fixed
 C:/PROGRA~1/JETBRA~1/CLION2~1.3/bin/mingw/bin/../lib/gcc/x86_64-w64-mingw32/11.2.0/../../../../x86_64-w64-mingw32/include
 /mingw/include
End of search list.
GNU C++17 (GCC) version 11.2.0 (x86_64-w64-mingw32)
	compiled by GNU C version 11.2.0, GMP version 6.2.1, MPFR version 4.1.0, MPC version 1.2.1, isl version none
GGC heuristics: --param ggc-min-expand=100 --param ggc-min-heapsize=131072
Compiler executable checksum: 916242a6eadede3a42d72bc0142b939f
COLLECT_GCC_OPTIONS='-fdiagnostics-color=always' '-v' '-o' 'CMakeFiles/cmTC_07177.dir/CMakeCXXCompilerABI.cpp.obj' '-c' '-shared-libgcc' '-mtune=generic' '-march=x86-64' '-dumpdir' 'CMakeFiles/cmTC_07177.dir/'
 as -v -o CMakeFiles/cmTC_07177.dir/CMakeCXXCompilerABI.cpp.obj C:\Users\CAMERO~1\AppData\Local\Temp\cc804JTU.s
GNU assembler version 2.37 (x86_64-w64-mingw32) using BFD version (GNU Binutils) 2.37
COMPILER_PATH=C:/PROGRA~1/JETBRA~1/CLION2~1.3/bin/mingw/bin/../libexec/gcc/x86_64-w64-mingw32/11.2.0/;C:/PROGRA~1/JETBRA~1/CLION2~1.3/bin/mingw/bin/../libexec/gcc/
LIBRARY_PATH=C:/PROGRA~1/JETBRA~1/CLION2~1.3/bin/mingw/bin/../lib/gcc/x86_64-w64-mingw32/11.2.0/;C:/PROGRA~1/JETBRA~1/CLION2~1.3/bin/mingw/bin/../lib/gcc/;C:/PROGRA~1/JETBRA~1/CLION2~1.3/bin/mingw/bin/../lib/gcc/x86_64-w64-mingw32/11.2.0/../../../../x86_64-w64-mingw32/lib/../lib/;C:/PROGRA~1/JETBRA~1/CLION2~1.3/bin/mingw/bin/../lib/gcc/x86_64-w64-mingw32/11.2.0/../../../../lib/;/mingw/lib/../lib/;C:/PROGRA~1/JETBRA~1/CLION2~1.3/bin/mingw/bin/../lib/gcc/x86_64-w64-mingw32/11.2.0/../../../../x86_64-w64-mingw32/lib/;C:/PROGRA~1/JETBRA~1/CLION2~1.3/bin/mingw/bin/../lib/gcc/x86_64-w64-mingw32/11.2.0/../../../;/mingw/lib/
COLLECT_GCC_OPTIONS='-fdiagnostics-color=always' '-v' '-o' 'CMakeFiles/cmTC_07177.dir/CMakeCXXCompilerABI.cpp.obj' '-c' '-shared-libgcc' '-mtune=generic' '-march=x86-64' '-dumpdir' 'CMakeFiles/cmTC_07177.dir/CMakeCXXCompilerABI.cpp.'
[2/2] Linking CXX executable cmTC_07177.exe
Using built-in specs.
COLLECT_GCC=C:\PROGRA~1\JETBRA~1\CLION2~1.3\bin\mingw\bin\G__~1.EXE
COLLECT_LTO_WRAPPER=C:/PROGRA~1/JETBRA~1/CLION2~1.3/bin/mingw/bin/../libexec/gcc/x86_64-w64-mingw32/11.2.0/lto-wrapper.exe
Target: x86_64-w64-mingw32
Configured with: ../gcc-11.2.0/configure --host=x86_64-w64-mingw32 --target=x86_64-w64-mingw32 --build=x86_64-alpine-linux-musl --prefix=/win --enable-checking=release --enable-fully-dynamic-string --enable-languages=c,c++ --enable-libatomic --enable-libgomp --enable-libstdcxx-filesystem-ts=yes --enable-libstdcxx-time=yes --enable-seh-exceptions --enable-shared --enable-static --enable-threads=posix --enable-version-specific-runtime-libs --disable-bootstrap --disable-graphite --disable-libada --disable-libstdcxx-pch --disable-libstdcxx-debug --disable-libquadmath --disable-lto --disable-nls --disable-multilib --disable-rpath --disable-symvers --disable-werror --disable-win32-registry --with-gnu-as --with-gnu-ld --with-system-libiconv --with-system-libz --with-gmp=/win/makedepends --with-mpfr=/win/makedepends --with-mpc=/win/makedepends
Thread model: posix
Supported LTO compression algorithms: zlib
gcc version 11.2.0 (GCC) 
COMPILER_PATH=C:/PROGRA~1/JETBRA~1/CLION2~1.3/bin/mingw/bin/../libexec/gcc/x86_64-w64-mingw32/11.2.0/;C:/PROGRA~1/JETBRA~1/CLION2~1.3/bin/mingw/bin/../libexec/gcc/
LIBRARY_PATH=C:/PROGRA~1/JETBRA~1/CLION2~1.3/bin/mingw/bin/../lib/gcc/x86_64-w64-mingw32/11.2.0/;C:/PROGRA~1/JETBRA~1/CLION2~1.3/bin/mingw/bin/../lib/gcc/;C:/PROGRA~1/JETBRA~1/CLION2~1.3/bin/mingw/bin/../lib/gcc/x86_64-w64-mingw32/11.2.0/../../../../x86_64-w64-mingw32/lib/../lib/;C:/PROGRA~1/JETBRA~1/CLION2~1.3/bin/mingw/bin/../lib/gcc/x86_64-w64-mingw32/11.2.0/../../../../lib/;/mingw/lib/../lib/;C:/PROGRA~1/JETBRA~1/CLION2~1.3/bin/mingw/bin/../lib/gcc/x86_64-w64-mingw32/11.2.0/../../../../x86_64-w64-mingw32/lib/;C:/PROGRA~1/JETBRA~1/CLION2~1.3/bin/mingw/bin/../lib/gcc/x86_64-w64-mingw32/11.2.0/../../../;/mingw/lib/
COLLECT_GCC_OPTIONS='-v' '-o' 'cmTC_07177.exe' '-shared-libgcc' '-mtune=generic' '-march=x86-64' '-dumpdir' 'cmTC_07177.'
 C:/PROGRA~1/JETBRA~1/CLION2~1.3/bin/mingw/bin/../libexec/gcc/x86_64-w64-mingw32/11.2.0/collect2.exe -m i386pep -Bdynamic -o cmTC_07177.exe C:/PROGRA~1/JETBRA~1/CLION2~1.3/bin/mingw/bin/../lib/gcc/x86_64-w64-mingw32/11.2.0/../../../../x86_64-w64-mingw32/lib/../lib/crt2.o C:/PROGRA~1/JETBRA~1/CLION2~1.3/bin/mingw/bin/../lib/gcc/x86_64-w64-mingw32/11.2.0/crtbegin.o -LC:/PROGRA~1/JETBRA~1/CLION2~1.3/bin/mingw/bin/../lib/gcc/x86_64-w64-mingw32/11.2.0 -LC:/PROGRA~1/JETBRA~1/CLION2~1.3/bin/mingw/bin/../lib/gcc -LC:/PROGRA~1/JETBRA~1/CLION2~1.3/bin/mingw/bin/../lib/gcc/x86_64-w64-mingw32/11.2.0/../../../../x86_64-w64-mingw32/lib/../lib -LC:/PROGRA~1/JETBRA~1/CLION2~1.3/bin/mingw/bin/../lib/gcc/x86_64-w64-mingw32/11.2.0/../../../../lib -L/mingw/lib/../lib -LC:/PROGRA~1/JETBRA~1/CLION2~1.3/bin/mingw/bin/../lib/gcc/x86_64-w64-mingw32/11.2.0/../../../../x86_64-w64-mingw32/lib -LC:/PROGRA~1/JETBRA~1/CLION2~1.3/bin/mingw/bin/../lib/gcc/x86_64-w64-mingw32/11.2.0/../../.. -L/mingw/lib CMakeFiles/cmTC_07177.dir/CMakeCXXCompilerABI.cpp.obj --out-implib libcmTC_07177.dll.a --major-image-version 0 --minor-image-version 0 -lstdc++ -lmingw32 -lgcc_s -lgcc -lmoldname -lmingwex -lmsvcrt -lkernel32 -lpthread -ladvapi32 -lshell32 -luser32 -lkernel32 -liconv -lmingw32 -lgcc_s -lgcc -lmoldname -lmingwex -lmsvcrt -lkernel32 C:/PROGRA~1/JETBRA~1/CLION2~1.3/bin/mingw/bin/../lib/gcc/x86_64-w64-mingw32/11.2.0/../../../../x86_64-w64-mingw32/lib/../lib/default-manifest.o C:/PROGRA~1/JETBRA~1/CLION2~1.3/bin/mingw/bin/../lib/gcc/x86_64-w64-mingw32/11.2.0/crtend.o
COLLECT_GCC_OPTIONS='-v' '-o' 'cmTC_07177.exe' '-shared-libgcc' '-mtune=generic' '-march=x86-64' '-dumpdir' 'cmTC_07177.'



Parsed CXX implicit include dir info from above output: rv=done
  found start of include info
  found start of implicit include info
    add: [C:/PROGRA~1/JETBRA~1/CLION2~1.3/bin/mingw/bin/../lib/gcc/x86_64-w64-mingw32/11.2.0/include/c++]
    add: [C:/PROGRA~1/JETBRA~1/CLION2~1.3/bin/mingw/bin/../lib/gcc/x86_64-w64-mingw32/11.2.0/include/c++/x86_64-w64-mingw32]
    add: [C:/PROGRA~1/JETBRA~1/CLION2~1.3/bin/mingw/bin/../lib/gcc/x86_64-w64-mingw32/11.2.0/include/c++/backward]
    add: [C:/PROGRA~1/JETBRA~1/CLION2~1.3/bin/mingw/bin/../lib/gcc/x86_64-w64-mingw32/11.2.0/include]
    add: [C:/PROGRA~1/JETBRA~1/CLION2~1.3/bin/mingw/bin/../lib/gcc/x86_64-w64-mingw32/11.2.0/../../../../include]
    add: [C:/PROGRA~1/JETBRA~1/CLION2~1.3/bin/mingw/bin/../lib/gcc/x86_64-w64-mingw32/11.2.0/include-fixed]
    add: [C:/PROGRA~1/JETBRA~1/CLION2~1.3/bin/mingw/bin/../lib/gcc/x86_64-w64-mingw32/11.2.0/../../../../x86_64-w64-mingw32/include]
    add: [/mingw/include]
  end of search list found
  collapse include dir [C:/PROGRA~1/JETBRA~1/CLION2~1.3/bin/mingw/bin/../lib/gcc/x86_64-w64-mingw32/11.2.0/include/c++] ==> [C:/Program Files/JetBrains/CLion 2021.3/bin/mingw/lib/gcc/x86_64-w64-mingw32/11.2.0/include/c++]
  collapse include dir [C:/PROGRA~1/JETBRA~1/CLION2~1.3/bin/mingw/bin/../lib/gcc/x86_64-w64-mingw32/11.2.0/include/c++/x86_64-w64-mingw32] ==> [C:/Program Files/JetBrains/CLion 2021.3/bin/mingw/lib/gcc/x86_64-w64-mingw32/11.2.0/include/c++/x86_64-w64-mingw32]
  collapse include dir [C:/PROGRA~1/JETBRA~1/CLION2~1.3/bin/mingw/bin/../lib/gcc/x86_64-w64-mingw32/11.2.0/include/c++/backward] ==> [C:/Program Files/JetBrains/CLion 2021.3/bin/mingw/lib/gcc/x86_64-w64-mingw32/11.2.0/include/c++/backward]
  collapse include dir [C:/PROGRA~1/JETBRA~1/CLION2~1.3/bin/mingw/bin/../lib/gcc/x86_64-w64-mingw32/11.2.0/include] ==> [C:/Program Files/JetBrains/CLion 2021.3/bin/mingw/lib/gcc/x86_64-w64-mingw32/11.2.0/include]
  collapse include dir [C:/PROGRA~1/JETBRA~1/CLION2~1.3/bin/mingw/bin/../lib/gcc/x86_64-w64-mingw32/11.2.0/../../../../include] ==> [C:/Program Files/JetBrains/CLion 2021.3/bin/mingw/include]
  collapse include dir [C:/PROGRA~1/JETBRA~1/CLION2~1.3/bin/mingw/bin/../lib/gcc/x86_64-w64-mingw32/11.2.0/include-fixed] ==> [C:/Program Files/JetBrains/CLion 2021.3/bin/mingw/lib/gcc/x86_64-w64-mingw32/11.2.0/include-fixed]
  collapse include dir [C:/PROGRA~1/JETBRA~1/CLION2~1.3/bin/mingw/bin/../lib/gcc/x86_64-w64-mingw32/11.2.0/../../../../x86_64-w64-mingw32/include] ==> [C:/Program Files/JetBrains/CLion 2021.3/bin/mingw/x86_64-w64-mingw32/include]
  collapse include dir [/mingw/include] ==> [/MinGW/include]
  implicit include dirs: [C:/Program Files/JetBrains/CLion 2021.3/bin/mingw/lib/gcc/x86_64-w64-mingw32/11.2.0/include/c++;C:/Program Files/JetBrains/CLion 2021.3/bin/mingw/lib/gcc/x86_64-w64-mingw32/11.2.0/include/c++/x86_64-w64-mingw32;C:/Program Files/JetBrains/CLion 2021.3/bin/mingw/lib/gcc/x86_64-w64-mingw32/11.2.0/include/c++/backward;C:/Program Files/JetBrains/CLion 2021.3/bin/mingw/lib/gcc/x86_64-w64-mingw32/11.2.0/include;C:/Program Files/JetBrains/CLion 2021.3/bin/mingw/include;C:/Program Files/JetBrains/CLion 2021.3/bin/mingw/lib/gcc/x86_64-w64-mingw32/11.2.0/include-fixed;C:/Program Files/JetBrains/CLion 2021.3/bin/mingw/x86_64-w64-mingw32/include;/MinGW/include]


Parsed CXX implicit link information from above output:
  link line regex: [^( *|.*[/\])(ld\.exe|CMAKE_LINK_STARTFILE-NOTFOUND|([^/\]+-)?ld|collect2)[^/\]*( |$)]
  ignore line: [Change Dir: C:/Users/Cameron McEleney/CLionProjects/SpinChainsCUDA/cmake-build-debug/CMakeFiles/CMakeScratch/TryCompile-o1x0lr]
  ignore line: []
  ignore line: [Run Build Command(s):C:/Program Files/JetBrains/CLion 2021.3/bin/ninja/win/x64/ninja.exe cmTC_07177 && [1/2] Building CXX object CMakeFiles/cmTC_07177.dir/CMakeCXXCompilerABI.cpp.obj]
  ignore line: [Using built-in specs.]
  ignore line: [COLLECT_GCC=C:\PROGRA~1\JETBRA~1\CLION2~1.3\bin\mingw\bin\G__~1.EXE]
  ignore line: [Target: x86_64-w64-mingw32]
  ignore line: [Configured with: ../gcc-11.2.0/configure --host=x86_64-w64-mingw32 --target=x86_64-w64-mingw32 --build=x86_64-alpine-linux-musl --prefix=/win --enable-checking=release --enable-fully-dynamic-string --enable-languages=c,c++ --enable-libatomic --enable-libgomp --enable-libstdcxx-filesystem-ts=yes --enable-libstdcxx-time=yes --enable-seh-exceptions --enable-shared --enable-static --enable-threads=posix --enable-version-specific-runtime-libs --disable-bootstrap --disable-graphite --disable-libada --disable-libstdcxx-pch --disable-libstdcxx-debug --disable-libquadmath --disable-lto --disable-nls --disable-multilib --disable-rpath --disable-symvers --disable-werror --disable-win32-registry --with-gnu-as --with-gnu-ld --with-system-libiconv --with-system-libz --with-gmp=/win/makedepends --with-mpfr=/win/makedepends --with-mpc=/win/makedepends]
  ignore line: [Thread model: posix]
  ignore line: [Supported LTO compression algorithms: zlib]
  ignore line: [gcc version 11.2.0 (GCC) ]
  ignore line: [COLLECT_GCC_OPTIONS='-fdiagnostics-color=always' '-v' '-o' 'CMakeFiles/cmTC_07177.dir/CMakeCXXCompilerABI.cpp.obj' '-c' '-shared-libgcc' '-mtune=generic' '-march=x86-64' '-dumpdir' 'CMakeFiles/cmTC_07177.dir/']
  ignore line: [ C:/PROGRA~1/JETBRA~1/CLION2~1.3/bin/mingw/bin/../libexec/gcc/x86_64-w64-mingw32/11.2.0/cc1plus.exe -quiet -v -iprefix C:/PROGRA~1/JETBRA~1/CLION2~1.3/bin/mingw/bin/../lib/gcc/x86_64-w64-mingw32/11.2.0/ -D_REENTRANT C:/Program Files/JetBrains/CLion 2021.3/bin/cmake/win/x64/share/cmake-3.25/Modules/CMakeCXXCompilerABI.cpp -quiet -dumpdir CMakeFiles/cmTC_07177.dir/ -dumpbase CMakeCXXCompilerABI.cpp.cpp -dumpbase-ext .cpp -mtune=generic -march=x86-64 -version -fdiagnostics-color=always -o C:\Users\CAMERO~1\AppData\Local\Temp\cc804JTU.s]
  ignore line: [GNU C++17 (GCC) version 11.2.0 (x86_64-w64-mingw32)]
  ignore line: [	compiled by GNU C version 11.2.0  GMP version 6.2.1  MPFR version 4.1.0  MPC version 1.2.1  isl version none]
  ignore line: [GGC heuristics: --param ggc-min-expand=100 --param ggc-min-heapsize=131072]
  ignore line: [ignoring duplicate directory "C:/PROGRA~1/JETBRA~1/CLION2~1.3/bin/mingw/lib/gcc/../../lib/gcc/x86_64-w64-mingw32/11.2.0/include/c++"]
  ignore line: [ignoring duplicate directory "C:/PROGRA~1/JETBRA~1/CLION2~1.3/bin/mingw/lib/gcc/../../lib/gcc/x86_64-w64-mingw32/11.2.0/include/c++/x86_64-w64-mingw32"]
  ignore line: [ignoring duplicate directory "C:/PROGRA~1/JETBRA~1/CLION2~1.3/bin/mingw/lib/gcc/../../lib/gcc/x86_64-w64-mingw32/11.2.0/include/c++/backward"]
  ignore line: [ignoring duplicate directory "C:/PROGRA~1/JETBRA~1/CLION2~1.3/bin/mingw/lib/gcc/../../lib/gcc/x86_64-w64-mingw32/11.2.0/include"]
  ignore line: [ignoring nonexistent directory "/win/include"]
  ignore line: [ignoring duplicate directory "C:/PROGRA~1/JETBRA~1/CLION2~1.3/bin/mingw/lib/gcc/../../include"]
  ignore line: [ignoring duplicate directory "C:/PROGRA~1/JETBRA~1/CLION2~1.3/bin/mingw/lib/gcc/../../lib/gcc/x86_64-w64-mingw32/11.2.0/include-fixed"]
  ignore line: [ignoring duplicate directory "C:/PROGRA~1/JETBRA~1/CLION2~1.3/bin/mingw/lib/gcc/../../lib/gcc/x86_64-w64-mingw32/11.2.0/../../../../x86_64-w64-mingw32/include"]
  ignore line: [#include "..." search starts here:]
  ignore line: [#include <...> search starts here:]
  ignore line: [ C:/PROGRA~1/JETBRA~1/CLION2~1.3/bin/mingw/bin/../lib/gcc/x86_64-w64-mingw32/11.2.0/include/c++]
  ignore line: [ C:/PROGRA~1/JETBRA~1/CLION2~1.3/bin/mingw/bin/../lib/gcc/x86_64-w64-mingw32/11.2.0/include/c++/x86_64-w64-mingw32]
  ignore line: [ C:/PROGRA~1/JETBRA~1/CLION2~1.3/bin/mingw/bin/../lib/gcc/x86_64-w64-mingw32/11.2.0/include/c++/backward]
  ignore line: [ C:/PROGRA~1/JETBRA~1/CLION2~1.3/bin/mingw/bin/../lib/gcc/x86_64-w64-mingw32/11.2.0/include]
  ignore line: [ C:/PROGRA~1/JETBRA~1/CLION2~1.3/bin/mingw/bin/../lib/gcc/x86_64-w64-mingw32/11.2.0/../../../../include]
  ignore line: [ C:/PROGRA~1/JETBRA~1/CLION2~1.3/bin/mingw/bin/../lib/gcc/x86_64-w64-mingw32/11.2.0/include-fixed]
  ignore line: [ C:/PROGRA~1/JETBRA~1/CLION2~1.3/bin/mingw/bin/../lib/gcc/x86_64-w64-mingw32/11.2.0/../../../../x86_64-w64-mingw32/include]
  ignore line: [ /mingw/include]
  ignore line: [End of search list.]
  ignore line: [GNU C++17 (GCC) version 11.2.0 (x86_64-w64-mingw32)]
  ignore line: [	compiled by GNU C version 11.2.0  GMP version 6.2.1  MPFR version 4.1.0  MPC version 1.2.1  isl version none]
  ignore line: [GGC heuristics: --param ggc-min-expand=100 --param ggc-min-heapsize=131072]
  ignore line: [Compiler executable checksum: 916242a6eadede3a42d72bc0142b939f]
  ignore line: [COLLECT_GCC_OPTIONS='-fdiagnostics-color=always' '-v' '-o' 'CMakeFiles/cmTC_07177.dir/CMakeCXXCompilerABI.cpp.obj' '-c' '-shared-libgcc' '-mtune=generic' '-march=x86-64' '-dumpdir' 'CMakeFiles/cmTC_07177.dir/']
  ignore line: [ as -v -o CMakeFiles/cmTC_07177.dir/CMakeCXXCompilerABI.cpp.obj C:\Users\CAMERO~1\AppData\Local\Temp\cc804JTU.s]
  ignore line: [GNU assembler version 2.37 (x86_64-w64-mingw32) using BFD version (GNU Binutils) 2.37]
  ignore line: [COMPILER_PATH=C:/PROGRA~1/JETBRA~1/CLION2~1.3/bin/mingw/bin/../libexec/gcc/x86_64-w64-mingw32/11.2.0/]
  ignore line: [C:/PROGRA~1/JETBRA~1/CLION2~1.3/bin/mingw/bin/../libexec/gcc/]
  ignore line: [LIBRARY_PATH=C:/PROGRA~1/JETBRA~1/CLION2~1.3/bin/mingw/bin/../lib/gcc/x86_64-w64-mingw32/11.2.0/]
  ignore line: [C:/PROGRA~1/JETBRA~1/CLION2~1.3/bin/mingw/bin/../lib/gcc/]
  ignore line: [C:/PROGRA~1/JETBRA~1/CLION2~1.3/bin/mingw/bin/../lib/gcc/x86_64-w64-mingw32/11.2.0/../../../../x86_64-w64-mingw32/lib/../lib/]
  ignore line: [C:/PROGRA~1/JETBRA~1/CLION2~1.3/bin/mingw/bin/../lib/gcc/x86_64-w64-mingw32/11.2.0/../../../../lib/]
  ignore line: [/mingw/lib/../lib/]
  ignore line: [C:/PROGRA~1/JETBRA~1/CLION2~1.3/bin/mingw/bin/../lib/gcc/x86_64-w64-mingw32/11.2.0/../../../../x86_64-w64-mingw32/lib/]
  ignore line: [C:/PROGRA~1/JETBRA~1/CLION2~1.3/bin/mingw/bin/../lib/gcc/x86_64-w64-mingw32/11.2.0/../../../]
  ignore line: [/mingw/lib/]
  ignore line: [COLLECT_GCC_OPTIONS='-fdiagnostics-color=always' '-v' '-o' 'CMakeFiles/cmTC_07177.dir/CMakeCXXCompilerABI.cpp.obj' '-c' '-shared-libgcc' '-mtune=generic' '-march=x86-64' '-dumpdir' 'CMakeFiles/cmTC_07177.dir/CMakeCXXCompilerABI.cpp.']
  ignore line: [[2/2] Linking CXX executable cmTC_07177.exe]
  ignore line: [Using built-in specs.]
  ignore line: [COLLECT_GCC=C:\PROGRA~1\JETBRA~1\CLION2~1.3\bin\mingw\bin\G__~1.EXE]
  ignore line: [COLLECT_LTO_WRAPPER=C:/PROGRA~1/JETBRA~1/CLION2~1.3/bin/mingw/bin/../libexec/gcc/x86_64-w64-mingw32/11.2.0/lto-wrapper.exe]
  ignore line: [Target: x86_64-w64-mingw32]
  ignore line: [Configured with: ../gcc-11.2.0/configure --host=x86_64-w64-mingw32 --target=x86_64-w64-mingw32 --build=x86_64-alpine-linux-musl --prefix=/win --enable-checking=release --enable-fully-dynamic-string --enable-languages=c,c++ --enable-libatomic --enable-libgomp --enable-libstdcxx-filesystem-ts=yes --enable-libstdcxx-time=yes --enable-seh-exceptions --enable-shared --enable-static --enable-threads=posix --enable-version-specific-runtime-libs --disable-bootstrap --disable-graphite --disable-libada --disable-libstdcxx-pch --disable-libstdcxx-debug --disable-libquadmath --disable-lto --disable-nls --disable-multilib --disable-rpath --disable-symvers --disable-werror --disable-win32-registry --with-gnu-as --with-gnu-ld --with-system-libiconv --with-system-libz --with-gmp=/win/makedepends --with-mpfr=/win/makedepends --with-mpc=/win/makedepends]
  ignore line: [Thread model: posix]
  ignore line: [Supported LTO compression algorithms: zlib]
  ignore line: [gcc version 11.2.0 (GCC) ]
  ignore line: [COMPILER_PATH=C:/PROGRA~1/JETBRA~1/CLION2~1.3/bin/mingw/bin/../libexec/gcc/x86_64-w64-mingw32/11.2.0/]
  ignore line: [C:/PROGRA~1/JETBRA~1/CLION2~1.3/bin/mingw/bin/../libexec/gcc/]
  ignore line: [LIBRARY_PATH=C:/PROGRA~1/JETBRA~1/CLION2~1.3/bin/mingw/bin/../lib/gcc/x86_64-w64-mingw32/11.2.0/]
  ignore line: [C:/PROGRA~1/JETBRA~1/CLION2~1.3/bin/mingw/bin/../lib/gcc/]
  ignore line: [C:/PROGRA~1/JETBRA~1/CLION2~1.3/bin/mingw/bin/../lib/gcc/x86_64-w64-mingw32/11.2.0/../../../../x86_64-w64-mingw32/lib/../lib/]
  ignore line: [C:/PROGRA~1/JETBRA~1/CLION2~1.3/bin/mingw/bin/../lib/gcc/x86_64-w64-mingw32/11.2.0/../../../../lib/]
  ignore line: [/mingw/lib/../lib/]
  ignore line: [C:/PROGRA~1/JETBRA~1/CLION2~1.3/bin/mingw/bin/../lib/gcc/x86_64-w64-mingw32/11.2.0/../../../../x86_64-w64-mingw32/lib/]
  ignore line: [C:/PROGRA~1/JETBRA~1/CLION2~1.3/bin/mingw/bin/../lib/gcc/x86_64-w64-mingw32/11.2.0/../../../]
  ignore line: [/mingw/lib/]
  ignore line: [COLLECT_GCC_OPTIONS='-v' '-o' 'cmTC_07177.exe' '-shared-libgcc' '-mtune=generic' '-march=x86-64' '-dumpdir' 'cmTC_07177.']
  link line: [ C:/PROGRA~1/JETBRA~1/CLION2~1.3/bin/mingw/bin/../libexec/gcc/x86_64-w64-mingw32/11.2.0/collect2.exe -m i386pep -Bdynamic -o cmTC_07177.exe C:/PROGRA~1/JETBRA~1/CLION2~1.3/bin/mingw/bin/../lib/gcc/x86_64-w64-mingw32/11.2.0/../../../../x86_64-w64-mingw32/lib/../lib/crt2.o C:/PROGRA~1/JETBRA~1/CLION2~1.3/bin/mingw/bin/../lib/gcc/x86_64-w64-mingw32/11.2.0/crtbegin.o -LC:/PROGRA~1/JETBRA~1/CLION2~1.3/bin/mingw/bin/../lib/gcc/x86_64-w64-mingw32/11.2.0 -LC:/PROGRA~1/JETBRA~1/CLION2~1.3/bin/mingw/bin/../lib/gcc -LC:/PROGRA~1/JETBRA~1/CLION2~1.3/bin/mingw/bin/../lib/gcc/x86_64-w64-mingw32/11.2.0/../../../../x86_64-w64-mingw32/lib/../lib -LC:/PROGRA~1/JETBRA~1/CLION2~1.3/bin/mingw/bin/../lib/gcc/x86_64-w64-mingw32/11.2.0/../../../../lib -L/mingw/lib/../lib -LC:/PROGRA~1/JETBRA~1/CLION2~1.3/bin/mingw/bin/../lib/gcc/x86_64-w64-mingw32/11.2.0/../../../../x86_64-w64-mingw32/lib -LC:/PROGRA~1/JETBRA~1/CLION2~1.3/bin/mingw/bin/../lib/gcc/x86_64-w64-mingw32/11.2.0/../../.. -L/mingw/lib CMakeFiles/cmTC_07177.dir/CMakeCXXCompilerABI.cpp.obj --out-implib libcmTC_07177.dll.a --major-image-version 0 --minor-image-version 0 -lstdc++ -lmingw32 -lgcc_s -lgcc -lmoldname -lmingwex -lmsvcrt -lkernel32 -lpthread -ladvapi32 -lshell32 -luser32 -lkernel32 -liconv -lmingw32 -lgcc_s -lgcc -lmoldname -lmingwex -lmsvcrt -lkernel32 C:/PROGRA~1/JETBRA~1/CLION2~1.3/bin/mingw/bin/../lib/gcc/x86_64-w64-mingw32/11.2.0/../../../../x86_64-w64-mingw32/lib/../lib/default-manifest.o C:/PROGRA~1/JETBRA~1/CLION2~1.3/bin/mingw/bin/../lib/gcc/x86_64-w64-mingw32/11.2.0/crtend.o]
    arg [C:/PROGRA~1/JETBRA~1/CLION2~1.3/bin/mingw/bin/../libexec/gcc/x86_64-w64-mingw32/11.2.0/collect2.exe] ==> ignore
    arg [-m] ==> ignore
    arg [i386pep] ==> ignore
    arg [-Bdynamic] ==> search dynamic
    arg [-o] ==> ignore
    arg [cmTC_07177.exe] ==> ignore
    arg [C:/PROGRA~1/JETBRA~1/CLION2~1.3/bin/mingw/bin/../lib/gcc/x86_64-w64-mingw32/11.2.0/../../../../x86_64-w64-mingw32/lib/../lib/crt2.o] ==> obj [C:/PROGRA~1/JETBRA~1/CLION2~1.3/bin/mingw/bin/../lib/gcc/x86_64-w64-mingw32/11.2.0/../../../../x86_64-w64-mingw32/lib/../lib/crt2.o]
    arg [C:/PROGRA~1/JETBRA~1/CLION2~1.3/bin/mingw/bin/../lib/gcc/x86_64-w64-mingw32/11.2.0/crtbegin.o] ==> obj [C:/PROGRA~1/JETBRA~1/CLION2~1.3/bin/mingw/bin/../lib/gcc/x86_64-w64-mingw32/11.2.0/crtbegin.o]
    arg [-LC:/PROGRA~1/JETBRA~1/CLION2~1.3/bin/mingw/bin/../lib/gcc/x86_64-w64-mingw32/11.2.0] ==> dir [C:/PROGRA~1/JETBRA~1/CLION2~1.3/bin/mingw/bin/../lib/gcc/x86_64-w64-mingw32/11.2.0]
    arg [-LC:/PROGRA~1/JETBRA~1/CLION2~1.3/bin/mingw/bin/../lib/gcc] ==> dir [C:/PROGRA~1/JETBRA~1/CLION2~1.3/bin/mingw/bin/../lib/gcc]
    arg [-LC:/PROGRA~1/JETBRA~1/CLION2~1.3/bin/mingw/bin/../lib/gcc/x86_64-w64-mingw32/11.2.0/../../../../x86_64-w64-mingw32/lib/../lib] ==> dir [C:/PROGRA~1/JETBRA~1/CLION2~1.3/bin/mingw/bin/../lib/gcc/x86_64-w64-mingw32/11.2.0/../../../../x86_64-w64-mingw32/lib/../lib]
    arg [-LC:/PROGRA~1/JETBRA~1/CLION2~1.3/bin/mingw/bin/../lib/gcc/x86_64-w64-mingw32/11.2.0/../../../../lib] ==> dir [C:/PROGRA~1/JETBRA~1/CLION2~1.3/bin/mingw/bin/../lib/gcc/x86_64-w64-mingw32/11.2.0/../../../../lib]
    arg [-L/mingw/lib/../lib] ==> dir [/mingw/lib/../lib]
    arg [-LC:/PROGRA~1/JETBRA~1/CLION2~1.3/bin/mingw/bin/../lib/gcc/x86_64-w64-mingw32/11.2.0/../../../../x86_64-w64-mingw32/lib] ==> dir [C:/PROGRA~1/JETBRA~1/CLION2~1.3/bin/mingw/bin/../lib/gcc/x86_64-w64-mingw32/11.2.0/../../../../x86_64-w64-mingw32/lib]
    arg [-LC:/PROGRA~1/JETBRA~1/CLION2~1.3/bin/mingw/bin/../lib/gcc/x86_64-w64-mingw32/11.2.0/../../..] ==> dir [C:/PROGRA~1/JETBRA~1/CLION2~1.3/bin/mingw/bin/../lib/gcc/x86_64-w64-mingw32/11.2.0/../../..]
    arg [-L/mingw/lib] ==> dir [/mingw/lib]
    arg [CMakeFiles/cmTC_07177.dir/CMakeCXXCompilerABI.cpp.obj] ==> ignore
    arg [--out-implib] ==> ignore
    arg [libcmTC_07177.dll.a] ==> ignore
    arg [--major-image-version] ==> ignore
    arg [0] ==> ignore
    arg [--minor-image-version] ==> ignore
    arg [0] ==> ignore
    arg [-lstdc++] ==> lib [stdc++]
    arg [-lmingw32] ==> lib [mingw32]
    arg [-lgcc_s] ==> lib [gcc_s]
    arg [-lgcc] ==> lib [gcc]
    arg [-lmoldname] ==> lib [moldname]
    arg [-lmingwex] ==> lib [mingwex]
    arg [-lmsvcrt] ==> lib [msvcrt]
    arg [-lkernel32] ==> lib [kernel32]
    arg [-lpthread] ==> lib [pthread]
    arg [-ladvapi32] ==> lib [advapi32]
    arg [-lshell32] ==> lib [shell32]
    arg [-luser32] ==> lib [user32]
    arg [-lkernel32] ==> lib [kernel32]
    arg [-liconv] ==> lib [iconv]
    arg [-lmingw32] ==> lib [mingw32]
    arg [-lgcc_s] ==> lib [gcc_s]
    arg [-lgcc] ==> lib [gcc]
    arg [-lmoldname] ==> lib [moldname]
    arg [-lmingwex] ==> lib [mingwex]
    arg [-lmsvcrt] ==> lib [msvcrt]
    arg [-lkernel32] ==> lib [kernel32]
    arg [C:/PROGRA~1/JETBRA~1/CLION2~1.3/bin/mingw/bin/../lib/gcc/x86_64-w64-mingw32/11.2.0/../../../../x86_64-w64-mingw32/lib/../lib/default-manifest.o] ==> obj [C:/PROGRA~1/JETBRA~1/CLION2~1.3/bin/mingw/bin/../lib/gcc/x86_64-w64-mingw32/11.2.0/../../../../x86_64-w64-mingw32/lib/../lib/default-manifest.o]
    arg [C:/PROGRA~1/JETBRA~1/CLION2~1.3/bin/mingw/bin/../lib/gcc/x86_64-w64-mingw32/11.2.0/crtend.o] ==> obj [C:/PROGRA~1/JETBRA~1/CLION2~1.3/bin/mingw/bin/../lib/gcc/x86_64-w64-mingw32/11.2.0/crtend.o]
  remove lib [msvcrt]
  remove lib [msvcrt]
  collapse obj [C:/PROGRA~1/JETBRA~1/CLION2~1.3/bin/mingw/bin/../lib/gcc/x86_64-w64-mingw32/11.2.0/../../../../x86_64-w64-mingw32/lib/../lib/crt2.o] ==> [C:/Program Files/JetBrains/CLion 2021.3/bin/mingw/x86_64-w64-mingw32/lib/crt2.o]
  collapse obj [C:/PROGRA~1/JETBRA~1/CLION2~1.3/bin/mingw/bin/../lib/gcc/x86_64-w64-mingw32/11.2.0/crtbegin.o] ==> [C:/Program Files/JetBrains/CLion 2021.3/bin/mingw/lib/gcc/x86_64-w64-mingw32/11.2.0/crtbegin.o]
  collapse obj [C:/PROGRA~1/JETBRA~1/CLION2~1.3/bin/mingw/bin/../lib/gcc/x86_64-w64-mingw32/11.2.0/../../../../x86_64-w64-mingw32/lib/../lib/default-manifest.o] ==> [C:/Program Files/JetBrains/CLion 2021.3/bin/mingw/x86_64-w64-mingw32/lib/default-manifest.o]
  collapse obj [C:/PROGRA~1/JETBRA~1/CLION2~1.3/bin/mingw/bin/../lib/gcc/x86_64-w64-mingw32/11.2.0/crtend.o] ==> [C:/Program Files/JetBrains/CLion 2021.3/bin/mingw/lib/gcc/x86_64-w64-mingw32/11.2.0/crtend.o]
  collapse library dir [C:/PROGRA~1/JETBRA~1/CLION2~1.3/bin/mingw/bin/../lib/gcc/x86_64-w64-mingw32/11.2.0] ==> [C:/Program Files/JetBrains/CLion 2021.3/bin/mingw/lib/gcc/x86_64-w64-mingw32/11.2.0]
  collapse library dir [C:/PROGRA~1/JETBRA~1/CLION2~1.3/bin/mingw/bin/../lib/gcc] ==> [C:/Program Files/JetBrains/CLion 2021.3/bin/mingw/lib/gcc]
  collapse library dir [C:/PROGRA~1/JETBRA~1/CLION2~1.3/bin/mingw/bin/../lib/gcc/x86_64-w64-mingw32/11.2.0/../../../../x86_64-w64-mingw32/lib/../lib] ==> [C:/Program Files/JetBrains/CLion 2021.3/bin/mingw/x86_64-w64-mingw32/lib]
  collapse library dir [C:/PROGRA~1/JETBRA~1/CLION2~1.3/bin/mingw/bin/../lib/gcc/x86_64-w64-mingw32/11.2.0/../../../../lib] ==> [C:/Program Files/JetBrains/CLion 2021.3/bin/mingw/lib]
  collapse library dir [/mingw/lib/../lib] ==> [/MinGW/lib]
  collapse library dir [C:/PROGRA~1/JETBRA~1/CLION2~1.3/bin/mingw/bin/../lib/gcc/x86_64-w64-mingw32/11.2.0/../../../../x86_64-w64-mingw32/lib] ==> [C:/Program Files/JetBrains/CLion 2021.3/bin/mingw/x86_64-w64-mingw32/lib]
  collapse library dir [C:/PROGRA~1/JETBRA~1/CLION2~1.3/bin/mingw/bin/../lib/gcc/x86_64-w64-mingw32/11.2.0/../../..] ==> [C:/Program Files/JetBrains/CLion 2021.3/bin/mingw/lib]
  collapse library dir [/mingw/lib] ==> [/MinGW/lib]
  implicit libs: [stdc++;mingw32;gcc_s;gcc;moldname;mingwex;kernel32;pthread;advapi32;shell32;user32;kernel32;iconv;mingw32;gcc_s;gcc;moldname;mingwex;kernel32]
  implicit objs: [C:/Program Files/JetBrains/CLion 2021.3/bin/mingw/x86_64-w64-mingw32/lib/crt2.o;C:/Program Files/JetBrains/CLion 2021.3/bin/mingw/lib/gcc/x86_64-w64-mingw32/11.2.0/crtbegin.o;C:/Program Files/JetBrains/CLion 2021.3/bin/mingw/x86_64-w64-mingw32/lib/default-manifest.o;C:/Program Files/JetBrains/CLion 2021.3/bin/mingw/lib/gcc/x86_64-w64-mingw32/11.2.0/crtend.o]
  implicit dirs: [C:/Program Files/JetBrains/CLion 2021.3/bin/mingw/lib/gcc/x86_64-w64-mingw32/11.2.0;C:/Program Files/JetBrains/CLion 2021.3/bin/mingw/lib/gcc;C:/Program Files/JetBrains/CLion 2021.3/bin/mingw/x86_64-w64-mingw32/lib;C:/Program Files/JetBrains/CLion 2021.3/bin/mingw/lib;/MinGW/lib]
  implicit fwks: []


